<?xml version="1.0" encoding="utf-8"?><testsuites name="pytest tests"><testsuite name="pytest" errors="0" failures="0" skipped="0" tests="38" time="10.192" timestamp="2026-05-19T17:36:58.247497-04:00" hostname="Mac"><properties>
[...]
</properties><testcase classname="src.ai_client_api.tests.test_conversation_properties" name="test_as_int_passes_through_integers" time="0.030" /><testcase classname="src.ai_client_api.tests.test_conversation_properties" name="test_as_int_treats_booleans_as_default" time="0.002" /><testcase classname="src.ai_client_api.tests.test_conversation_properties" name="test_as_int_returns_default_for_non_numeric" time="0.074" /><testcase classname="src.ai_client_api.tests.test_conversation_properties" name="test_as_int_parses_digit_strings" time="0.030" /><testcase classname="src.ai_client_api.tests.test_conversation_properties" name="test_fresh_conversation_token_estimate_is_positive" time="0.131" /><testcase classname="src.ai_client_api.tests.test_conversation_properties" name="test_token_estimate_grows_with_messages" time="0.169" /><testcase classname="src.ai_client_api.tests.test_conversation_properties" name="test_fresh_conversation_has_one_message" time="0.119" /><testcase classname="src.ai_client_api.tests.test_conversation_properties" name="test_fresh_conversation_messages_tuple_has_system_at_head" time="0.119" /><testcase classname="src.ai_client_api.tests.test_conversation_properties" name="test_empty_conversation_round_trips" time="0.104" /><testcase classname="src.ai_client_api.tests.test_conversation_properties" name="test_conversation_with_turns_round_trips" time="0.119" /><testcase classname="src.ai_client_api.tests.test_conversation_properties" name="test_session_id_survives_round_trip" time="0.118" /><testcase classname="src.ai_client_api.tests.test_conversation_properties" name="test_conversation_stateful" time="3.983" /><testcase classname="src.ai_server.tests.test_auth_properties" name="test_self_signed_request_always_verifies" time="0.175" /><testcase classname="src.ai_server.tests.test_auth_properties" name="test_different_body_changes_signature" time="0.234" /><testcase classname="src.ai_server.tests.test_auth_properties" name="test_different_nonce_changes_signature" time="0.255" /><testcase classname="src.ai_server.tests.test_auth_properties" name="test_different_timestamp_changes_signature" time="0.320" /><testcase classname="src.ai_server.tests.test_auth_properties" name="test_wrong_secret_never_verifies" time="0.435" /><testcase classname="src.ai_server.tests.test_auth_properties" name="test_build_signature_payload_is_pure" time="0.161" /><testcase classname="src.ai_server.tests.test_router_properties" name="test_valid_fields_are_accepted_by_the_model" time="0.323" /><testcase classname="src.ai_server.tests.test_router_properties" name="test_platform_with_unsafe_chars_is_rejected" time="0.033" /><testcase classname="src.ai_server.tests.test_router_properties" name="test_text_exceeding_max_length_is_rejected" time="0.041" /><testcase classname="src.ai_server.tests.test_router_properties" name="test_decoded_size_matches_stdlib_for_standard_base64" time="0.030" /><testcase classname="src.ai_server.tests.test_router_properties" name="test_decoded_size_never_exceeds_encoded_length" time="0.030" /><testcase classname="src.ai_server.tests.test_router_properties" name="test_decoded_size_is_non_negative" time="0.099" /><testcase classname="src.ai_server.tests.test_router_properties" name="test_first_request_always_allowed" time="0.138" /><testcase classname="src.ai_server.tests.test_router_properties" name="test_bucket_exhausted_after_capacity_consecutive_requests" time="0.108" /><testcase classname="src.ai_server.tests.test_router_properties" name="test_none_principal_is_always_allowed" time="0.027" /><testcase classname="src.ai_server.tests.test_router_properties" name="test_token_count_stays_within_bounds_after_refill" time="0.148" /><testcase classname="src.ai_server.tests.test_session_properties" name="test_safe_id_never_raises" time="0.043" /><testcase classname="src.ai_server.tests.test_session_properties" name="test_unsafe_id_always_raises" time="0.061" /><testcase classname="src.ai_server.tests.test_session_properties" name="test_string_of_only_unsafe_chars_raises" time="0.033" /><testcase classname="src.ai_server.tests.test_session_properties" name="test_stem_is_pure" time="0.028" /><testcase classname="src.ai_server.tests.test_session_properties" name="test_short_id_is_returned_as_its_own_stem" time="0.044" /><testcase classname="src.ai_server.tests.test_session_properties" name="test_long_id_produces_sha256_stem" time="0.125" /><testcase classname="src.ai_server.tests.test_session_properties" name="test_distinct_long_ids_produce_distinct_stems" time="0.156" /><testcase classname="src.ai_server.tests.test_session_properties" name="test_short_id_round_trips_through_save_load" time="0.039" /><testcase classname="src.ai_server.tests.test_session_properties" name="test_long_id_round_trips_through_save_load" time="0.074" /><testcase classname="src.ai_server.tests.test_session_properties" name="test_user_turn_survives_round_trip" time="0.042" /></testsuite></testsuites>