<?xml version="1.0" encoding="utf-8"?><testsuites name="pytest tests"><testsuite name="pytest" errors="0" failures="0" skipped="0" tests="1024" time="11.413" timestamp="2026-05-19T17:36:57.987881-04:00" hostname="Mac"><testcase classname="tests.bdd.test_wrapper_acceptance" name="test_inline_attachment_bytes_upload_successfully" time="0.052" /><testcase classname="tests.bdd.test_wrapper_acceptance" name="test_mixed_attachment_upload_returns_partial_success" time="0.025" /><testcase classname="tests.bdd.test_wrapper_acceptance" name="test_metadataonly_upload_request_returns_an_error_outcome" time="0.020" /><testcase classname="tests.bdd.test_wrapper_acceptance" name="test_delete_intent_returns_a_machinereadable_confirmation_prompt" time="0.020" /><testcase classname="tests.bdd.test_wrapper_acceptance" name="test_same_actor_can_confirm_a_pending_delete" time="0.039" /><testcase classname="tests.bdd.test_wrapper_acceptance" name="test_different_actor_cannot_confirm_a_pending_delete" time="0.028" /><testcase classname="tests.bdd.test_wrapper_acceptance" name="test_signed_slack_message_returns_a_reply_outcome" time="0.019" /><testcase classname="tests.bdd.test_wrapper_acceptance" name="test_signed_slack_message_can_exercise_the_readonly_file_info_tool" time="0.020" /><testcase classname="tests.bdd.test_wrapper_acceptance" name="test_missing_signed_headers_are_rejected" time="0.009" /><testcase classname="tests.bdd.test_wrapper_acceptance" name="test_tampered_body_is_rejected" time="0.009" /><testcase classname="tests.bdd.test_wrapper_acceptance" name="test_replayed_nonce_is_rejected" time="0.021" /><testcase classname="tests.evals.test_runtime_safety_evals" name="test_delete_requires_confirmation_before_side_effect" time="0.010" /><testcase classname="tests.evals.test_runtime_safety_evals" name="test_confirmation_is_bound_to_original_actor" time="0.013" /><testcase classname="tests.evals.test_runtime_safety_evals" name="test_stream_events_are_replayable_by_sequence" time="0.013" /><testcase classname="src.ai_client_api.tests.test_client" name="test_aiclient_cannot_be_instantiated_directly" time="0.000" /><testcase classname="src.ai_client_api.tests.test_client" name="test_partial_subclass_cannot_be_instantiated" time="0.000" /><testcase classname="src.ai_client_api.tests.test_client" name="test_full_subclass_is_instantiable" time="0.000" /><testcase classname="src.ai_client_api.tests.test_client" name="test_get_client_requires_registered_factory" time="0.001" /><testcase classname="src.ai_client_api.tests.test_client" name="test_get_client_uses_registered_factory" time="0.000" /><testcase classname="src.ai_client_api.tests.test_conversation" name="test_conversation_pins_system_message" time="0.000" /><testcase classname="src.ai_client_api.tests.test_conversation" name="test_conversation_respects_max_messages" time="0.000" /><testcase classname="src.ai_client_api.tests.test_conversation" name="test_conversation_respects_max_total_tokens" time="0.000" /><testcase classname="src.ai_client_api.tests.test_conversation" name="test_conversation_rejects_invalid_caps" time="0.001" /><testcase classname="src.ai_client_api.tests.test_conversation" name="test_clear_drops_history_but_keeps_system" time="0.000" /><testcase classname="src.ai_client_api.tests.test_conversation" name="test_roundtrip_to_json_and_back" time="0.000" /><testcase classname="src.ai_client_api.tests.test_conversation" name="test_from_json_rejects_unknown_schema_version" time="0.001" /><testcase classname="src.ai_client_api.tests.test_conversation" name="test_tool_result_orphans_dropped_during_trim" time="0.000" /><testcase classname="src.ai_client_api.tests.test_conversation" name="test_message_is_immutable" time="0.000" /><testcase classname="src.ai_client_api.tests.test_exceptions" name="test_tool_execution_error_records_name" time="0.000" /><testcase classname="src.ai_client_api.tests.test_exceptions" name="test_tool_args_invalid_error_records_name" time="0.000" /><testcase classname="src.ai_client_api.tests.test_exceptions" name="test_unknown_tool_error_records_name" time="0.000" /><testcase classname="src.ai_client_api.tests.test_models" name="test_token_usage_total" time="0.000" /><testcase classname="src.ai_client_api.tests.test_models" name="test_normalize_tools_returns_empty_tuple_for_none" time="0.000" /><testcase classname="src.ai_client_api.tests.test_models" name="test_normalize_tools_returns_tuple_for_sequence" time="0.000" /><testcase classname="src.ai_client_api.tests.test_models" name="test_ai_response_fields" time="0.000" /><testcase classname="src.ai_client_api.tests.test_models" name="test_tool_call_record_is_immutable" time="0.000" /><testcase classname="src.ai_client_api.tests.test_models" name="test_audit_event_shape" time="0.000" /><testcase classname="src.ai_client_api.tests.test_models" name="test_agent_event_payload_defaults_to_empty" time="0.000" /><testcase classname="src.ai_client_api.tests.test_models" name="test_ai_stream_event_sequence_and_payload" time="0.000" /><testcase classname="src.ai_server.tests.test_auth.TestMissingKey" name="test_returns_401_when_header_absent" time="0.008" /><testcase classname="src.ai_server.tests.test_auth.TestMissingKey" name="test_returns_401_when_header_empty" time="0.008" /><testcase classname="src.ai_server.tests.test_auth.TestWrongKey" name="test_returns_401_for_wrong_key" time="0.007" /><testcase classname="src.ai_server.tests.test_auth.TestWrongKey" name="test_error_detail_is_informative" time="0.007" /><testcase classname="src.ai_server.tests.test_auth.TestUnconfiguredServer" name="test_returns_503_when_env_var_missing" time="0.006" /><testcase classname="src.ai_server.tests.test_auth.TestCorrectKey" name="test_correct_key_reaches_handler" time="0.008" /><testcase classname="src.ai_server.tests.test_auth.TestCorrectKey" name="test_health_requires_no_key" time="0.006" /><testcase classname="src.ai_server.tests.test_feature_flags" name="test_static_provider_uses_safe_default_when_env_is_missing" time="0.000" /><testcase classname="src.ai_server.tests.test_feature_flags" name="test_static_provider_reads_boolean_environment_override" time="0.000" /><testcase classname="src.ai_server.tests.test_feature_flags" name="test_runtime_flags_uses_internal_provider_contract" time="0.000" /><testcase classname="src.ai_server.tests.test_feature_flags" name="test_provider_from_env_falls_back_to_static_without_sdk_key" time="0.000" /><testcase classname="src.ai_server.tests.test_feature_flags" name="test_launchdarkly_provider_returns_flag_value" time="0.000" /><testcase classname="src.ai_server.tests.test_feature_flags" name="test_launchdarkly_provider_falls_back_on_sdk_exception" time="0.000" /><testcase classname="src.ai_server.tests.test_feature_flags" name="test_provider_from_env_falls_back_when_ld_init_raises" time="0.000" /><testcase classname="src.ai_server.tests.test_request_state.TestRequestState" name="test_put_state_round_trips_value" time="0.001" /><testcase classname="src.ai_server.tests.test_request_state.TestRequestState" name="test_get_state_removes_expired_entry" time="0.001" /><testcase classname="src.ai_server.tests.test_request_state.TestRequestState" name="test_put_state_if_absent_overwrites_expired_entry" time="0.001" /><testcase classname="src.ai_server.tests.test_request_state.TestRequestState" name="test_put_state_if_absent_rejects_live_duplicate" time="0.001" /><testcase classname="src.ai_server.tests.test_router.TestHealth" name="test_returns_200" time="0.007" /><testcase classname="src.ai_server.tests.test_router.TestHealth" name="test_body_has_status_ok" time="0.006" /><testcase classname="src.ai_server.tests.test_router.TestHealth" name="test_no_auth_required" time="0.006" /><testcase classname="src.ai_server.tests.test_router.TestHealth" name="test_health_stays_up_when_dependencies_are_missing" time="0.006" /><testcase classname="src.ai_server.tests.test_router.TestReadiness" name="test_ready_fails_closed_for_missing_secrets" time="0.007" /><testcase classname="src.ai_server.tests.test_router.TestReadiness" name="test_ready_requires_storage_credentials_when_tools_are_configured" time="0.007" /><testcase classname="src.ai_server.tests.test_router.TestReadiness" name="test_ready_succeeds_when_required_configuration_is_present" time="0.007" /><testcase classname="src.ai_server.tests.test_router.TestReadiness" name="test_ready_fails_closed_when_postgres_schema_is_not_ready" time="0.008" /><testcase classname="src.ai_server.tests.test_router.TestReadiness" name="test_ready_fails_when_postgres_is_disabled_by_flag" time="0.064" /><testcase classname="src.ai_server.tests.test_router.TestRemovedLegacyChatRoute" name="test_legacy_chat_route_returns_404" time="0.007" /><testcase classname="src.ai_server.tests.test_router.TestSessionHistory" name="test_history_returns_404_for_missing_session" time="0.007" /><testcase classname="src.ai_server.tests.test_router.TestSessionHistory" name="test_history_requires_auth" time="0.007" /><testcase classname="src.ai_server.tests.test_router.TestSessionHistory" name="test_history_returns_messages_after_wrapper_turn" time="0.019" /><testcase classname="src.ai_server.tests.test_router.TestSessionDelete" name="test_delete_nonexistent_returns_deleted_false" time="0.007" /><testcase classname="src.ai_server.tests.test_router.TestSessionDelete" name="test_delete_existing_session_returns_deleted_true" time="0.018" /><testcase classname="src.ai_server.tests.test_router.TestSessionDelete" name="test_delete_is_idempotent" time="0.010" /><testcase classname="src.ai_server.tests.test_router.TestSessionDelete" name="test_delete_requires_auth" time="0.008" /><testcase classname="src.ai_server.tests.test_sessions.TestValidateSessionId" name="test_accepts_slack_channel_id" time="0.000" /><testcase classname="src.ai_server.tests.test_sessions.TestValidateSessionId" name="test_accepts_slack_thread_timestamp" time="0.000" /><testcase classname="src.ai_server.tests.test_sessions.TestValidateSessionId" name="test_accepts_slack_user_id" time="0.000" /><testcase classname="src.ai_server.tests.test_sessions.TestValidateSessionId" name="test_accepts_simple_alphanumeric" time="0.000" /><testcase classname="src.ai_server.tests.test_sessions.TestValidateSessionId" name="test_accepts_all_allowed_special_chars" time="0.000" /><testcase classname="src.ai_server.tests.test_sessions.TestValidateSessionId" name="test_accepts_single_char" time="0.000" /><testcase classname="src.ai_server.tests.test_sessions.TestValidateSessionId" name="test_accepts_exactly_128_chars" time="0.000" /><testcase classname="src.ai_server.tests.test_sessions.TestValidateSessionId" name="test_accepts_safe_session_id_longer_than_128_chars" time="0.000" /><testcase classname="src.ai_server.tests.test_sessions.TestValidateSessionId" name="test_rejects_path_traversal" time="0.001" /><testcase classname="src.ai_server.tests.test_sessions.TestValidateSessionId" name="test_rejects_forward_slash" time="0.000" /><testcase classname="src.ai_server.tests.test_sessions.TestValidateSessionId" name="test_rejects_backslash" time="0.000" /><testcase classname="src.ai_server.tests.test_sessions.TestValidateSessionId" name="test_rejects_null_byte" time="0.000" /><testcase classname="src.ai_server.tests.test_sessions.TestValidateSessionId" name="test_rejects_space" time="0.000" /><testcase classname="src.ai_server.tests.test_sessions.TestValidateSessionId" name="test_rejects_empty_string" time="0.000" /><testcase classname="src.ai_server.tests.test_sessions.TestLoadSession" name="test_returns_fresh_conversation_when_no_file" time="0.001" /><testcase classname="src.ai_server.tests.test_sessions.TestLoadSession" name="test_fresh_session_uses_provided_system_prompt" time="0.001" /><testcase classname="src.ai_server.tests.test_sessions.TestLoadSession" name="test_fresh_session_falls_back_to_default_system_prompt" time="0.001" /><testcase classname="src.ai_server.tests.test_sessions.TestLoadSession" name="test_loads_persisted_conversation" time="0.001" /><testcase classname="src.ai_server.tests.test_sessions.TestLoadSession" name="test_loaded_session_id_matches" time="0.001" /><testcase classname="src.ai_server.tests.test_sessions.TestLoadSession" name="test_returns_fresh_on_corrupted_json" time="0.001" /><testcase classname="src.ai_server.tests.test_sessions.TestLoadSession" name="test_returns_fresh_on_empty_file" time="0.001" /><testcase classname="src.ai_server.tests.test_sessions.TestLoadSession" name="test_returns_fresh_on_valid_json_wrong_shape" time="0.001" /><testcase classname="src.ai_server.tests.test_sessions.TestLoadSession" name="test_raises_for_unsafe_session_id" time="0.001" /><testcase classname="src.ai_server.tests.test_sessions.TestSaveSession" name="test_creates_json_file" time="0.001" /><testcase classname="src.ai_server.tests.test_sessions.TestSaveSession" name="test_no_leftover_tmp_file" time="0.001" /><testcase classname="src.ai_server.tests.test_sessions.TestSaveSession" name="test_round_trips_user_and_assistant_turns" time="0.001" /><testcase classname="src.ai_server.tests.test_sessions.TestSaveSession" name="test_second_save_overwrites_first" time="0.001" /><testcase classname="src.ai_server.tests.test_sessions.TestSaveSession" name="test_creates_nested_parent_dirs" time="0.001" /><testcase classname="src.ai_server.tests.test_sessions.TestSaveSession" name="test_saved_file_is_valid_json" time="0.001" /><testcase classname="src.ai_server.tests.test_sessions.TestSaveSession" name="test_saved_json_contains_session_id" time="0.001" /><testcase classname="src.ai_server.tests.test_sessions.TestSaveSession" name="test_raises_for_unsafe_session_id" time="0.001" /><testcase classname="src.ai_server.tests.test_sessions.TestSaveSession" name="test_session_id_with_max_length" time="0.001" /><testcase classname="src.ai_server.tests.test_sessions.TestSaveSession" name="test_long_session_id_is_persisted_under_a_hashed_filename" time="0.001" /><testcase classname="src.ai_server.tests.test_sessions.TestSaveSession" name="test_long_session_id_round_trips_through_load_session" time="0.001" /><testcase classname="src.ai_server.tests.test_sessions.TestSaveSession" name="test_session_exists_supports_long_session_ids" time="0.001" /><testcase classname="src.ai_server.tests.test_sessions.TestSaveSession" name="test_list_sessions_returns_logical_long_session_ids" time="0.001" /><testcase classname="src.ai_server.tests.test_sessions.TestCrashRecovery" name="test_stale_tmp_file_is_invisible_to_load_session" time="0.001" /><testcase classname="src.ai_server.tests.test_sessions.TestCrashRecovery" name="test_save_succeeds_and_cleans_up_when_stale_tmp_exists" time="0.001" /><testcase classname="src.ai_server.tests.test_slack_tools.TestToolRegistry" name="test_returns_read_only_tools_by_default" time="0.009" /><testcase classname="src.ai_server.tests.test_slack_tools.TestToolRegistry" name="test_can_include_delete_tool_explicitly" time="0.002" /><testcase classname="src.ai_server.tests.test_slack_tools.TestToolRegistry" name="test_all_are_tool_instances" time="0.001" /><testcase classname="src.ai_server.tests.test_slack_tools.TestToolRegistry" name="test_each_tool_has_non_empty_description" time="0.001" /><testcase classname="src.ai_server.tests.test_slack_tools.TestToolRegistry" name="test_each_tool_has_json_schema" time="0.002" /><testcase classname="src.ai_server.tests.test_slack_tools.TestListFilesSchema" name="test_prefix_is_optional" time="0.000" /><testcase classname="src.ai_server.tests.test_slack_tools.TestListFilesSchema" name="test_prefix_accepts_valid_path" time="0.000" /><testcase classname="src.ai_server.tests.test_slack_tools.TestListFilesSchema" name="test_prefix_rejects_above_max_length" time="0.000" /><testcase classname="src.ai_server.tests.test_slack_tools.TestListFilesSchema" name="test_extra_fields_are_forbidden" time="0.004" /><testcase classname="src.ai_server.tests.test_slack_tools.TestGetFileInfoSchema" name="test_remote_path_is_required" time="0.000" /><testcase classname="src.ai_server.tests.test_slack_tools.TestGetFileInfoSchema" name="test_remote_path_min_length_one" time="0.000" /><testcase classname="src.ai_server.tests.test_slack_tools.TestGetFileInfoSchema" name="test_extra_fields_are_forbidden" time="0.000" /><testcase classname="src.ai_server.tests.test_slack_tools.TestDeleteFileSchema" name="test_remote_path_is_required" time="0.000" /><testcase classname="src.ai_server.tests.test_slack_tools.TestDeleteFileSchema" name="test_confirm_defaults_to_false" time="0.000" /><testcase classname="src.ai_server.tests.test_slack_tools.TestDeleteFileSchema" name="test_extra_fields_are_forbidden" time="0.000" /><testcase classname="src.ai_server.tests.test_slack_tools.TestReadOnlyHandlers" name="test_list_files_forwards_to_storage_with_pinned_container" time="0.001" /><testcase classname="src.ai_server.tests.test_slack_tools.TestReadOnlyHandlers" name="test_list_files_includes_human_readable_sizes" time="0.001" /><testcase classname="src.ai_server.tests.test_slack_tools.TestReadOnlyHandlers" name="test_get_file_info_forwards_to_storage_with_pinned_container" time="0.001" /><testcase classname="src.ai_server.tests.test_slack_tools.TestDeleteGuardrail" name="test_rejects_when_confirm_false" time="0.002" /><testcase classname="src.ai_server.tests.test_slack_tools.TestDeleteGuardrail" name="test_rejects_when_confirm_omitted" time="0.002" /><testcase classname="src.ai_server.tests.test_slack_tools.TestDeleteGuardrail" name="test_forwards_delete_when_confirmed" time="0.002" /><testcase classname="src.ai_server.tests.test_slack_tools.TestDeleteGuardrail" name="test_preserves_dict_backed_delete_result_fields" time="0.002" /><testcase classname="src.ai_server.tests.test_slack_tools.TestDeleteGuardrail" name="test_confirmed_delete_is_proposal_only_with_runtime_handler" time="0.002" /><testcase classname="src.ai_server.tests.test_slack_tools.TestCopyAndMoveHandlers" name="test_copy_file_refuses_when_destination_exists" time="0.002" /><testcase classname="src.ai_server.tests.test_slack_tools.TestCopyAndMoveHandlers" name="test_copy_file_allows_overwrite_when_flagged" time="0.002" /><testcase classname="src.ai_server.tests.test_slack_tools.TestCopyAndMoveHandlers" name="test_copy_file_succeeds_for_free_destination" time="0.002" /><testcase classname="src.ai_server.tests.test_slack_tools.TestCopyAndMoveHandlers" name="test_copy_file_rejects_same_source_and_dest" time="0.002" /><testcase classname="src.ai_server.tests.test_slack_tools.TestCopyAndMoveHandlers" name="test_move_file_requires_confirm" time="0.002" /><testcase classname="src.ai_server.tests.test_slack_tools.TestCopyAndMoveHandlers" name="test_move_file_copies_then_deletes_source" time="0.002" /><testcase classname="src.ai_server.tests.test_slack_tools.TestCopyAndMoveHandlers" name="test_move_file_refuses_overwrite_by_default" time="0.002" /><testcase classname="src.ai_server.tests.test_slack_tools.TestCopyAndMoveHandlers" name="test_move_file_is_marked_destructive" time="0.002" /><testcase classname="src.ai_server.tests.test_slack_tools.TestCopyAndMoveHandlers" name="test_copy_file_is_not_destructive" time="0.002" /><testcase classname="src.ai_server.tests.test_slack_tools.TestCopyAndMoveHandlers" name="test_move_file_is_proposal_only_with_runtime_handler" time="0.002" /><testcase classname="src.ai_server.tests.test_slack_tools.TestReadFileHandler" name="test_returns_utf8_text_when_decodable" time="0.001" /><testcase classname="src.ai_server.tests.test_slack_tools.TestReadFileHandler" name="test_falls_back_to_base64_for_binary" time="0.001" /><testcase classname="src.ai_server.tests.test_slack_tools.TestReadFileHandler" name="test_truncates_to_max_bytes" time="0.001" /><testcase classname="src.ai_server.tests.test_slack_tools.TestWriteFileHandler" name="test_creates_new_object_when_destination_is_free" time="0.002" /><testcase classname="src.ai_server.tests.test_slack_tools.TestWriteFileHandler" name="test_refuses_overwrite_by_default" time="0.002" /><testcase classname="src.ai_server.tests.test_slack_tools.TestWriteFileHandler" name="test_overwrite_requires_confirm" time="0.002" /><testcase classname="src.ai_server.tests.test_slack_tools.TestWriteFileHandler" name="test_overwrite_with_confirm_replaces" time="0.002" /><testcase classname="src.ai_server.tests.test_slack_tools.TestWriteFileHandler" name="test_write_file_is_proposal_only_with_runtime_handler" time="0.002" /><testcase classname="src.ai_server.tests.test_slack_tools.TestWriteFileHandler" name="test_base64_content_is_decoded" time="0.002" /><testcase classname="src.ai_server.tests.test_slack_tools.TestWriteFileHandler" name="test_rejects_invalid_base64" time="0.002" /><testcase classname="src.ai_server.tests.test_slack_tools.TestWriteFileHandler" name="test_is_marked_destructive" time="0.002" /><testcase classname="src.ai_server.tests.test_wrapper_client" name="test_message_event_uses_event_ts_as_thread_anchor_when_no_thread_ts" time="0.000" /><testcase classname="src.ai_server.tests.test_wrapper_client" name="test_message_event_uses_thread_ts_when_present" time="0.000" /><testcase classname="src.ai_server.tests.test_wrapper_client" name="test_message_event_strips_one_leading_app_mention" time="0.000" /><testcase classname="src.ai_server.tests.test_wrapper_client" name="test_slash_command_uses_synthetic_message_id_and_request_id" time="0.000" /><testcase classname="src.ai_server.tests.test_wrapper_client" name="test_sign_nimbus_request_matches_the_documented_hmac_shape" time="0.000" /><testcase classname="src.ai_server.tests.test_wrapper_client" name="test_message_event_requires_a_message_timestamp" time="0.000" /><testcase classname="src.ai_server.tests.test_wrapper_client" name="test_message_event_rejects_non_string_text" time="0.000" /><testcase classname="src.ai_server.tests.test_wrapper_client" name="test_message_event_rejects_bare_app_mention_with_no_remaining_text" time="0.001" /><testcase classname="src.ai_server.tests.test_wrapper_contract.TestChatTurnContract" name="test_returns_200_and_normalized_contract_fields" time="0.017" /><testcase classname="src.ai_server.tests.test_wrapper_contract.TestChatTurnContract" name="test_passes_full_storage_tool_surface_to_the_ai_client" time="0.016" /><testcase classname="src.ai_server.tests.test_wrapper_contract.TestChatTurnContract" name="test_uses_message_id_when_thread_id_is_missing" time="0.015" /><testcase classname="src.ai_server.tests.test_wrapper_contract.TestChatTurnContract" name="test_generates_request_id_when_omitted" time="0.016" /><testcase classname="src.ai_server.tests.test_wrapper_contract.TestChatTurnContract" name="test_exposes_attachment_metadata_to_the_ai_context" time="0.015" /><testcase classname="src.ai_server.tests.test_wrapper_contract.TestChatTurnContract" name="test_accepts_worst_case_identifier_lengths_without_session_overflow" time="0.017" /><testcase classname="src.ai_server.tests.test_wrapper_contract.TestSlackMappingSemantics" name="test_top_level_message_anchors_conversation_to_event_ts" time="0.015" /><testcase classname="src.ai_server.tests.test_wrapper_contract.TestSlackMappingSemantics" name="test_thread_reply_keeps_the_root_thread_as_conversation_anchor" time="0.016" /><testcase classname="src.ai_server.tests.test_wrapper_contract.TestSlackMappingSemantics" name="test_direct_message_uses_the_same_thread_anchor_rule" time="0.018" /><testcase classname="src.ai_server.tests.test_wrapper_contract.TestSlackMappingSemantics" name="test_slash_command_without_thread_uses_synthetic_message_id_as_anchor" time="0.017" /><testcase classname="src.ai_server.tests.test_wrapper_contract.TestSlackMappingSemantics" name="test_slash_command_can_be_attached_to_an_existing_thread" time="0.017" /><testcase classname="src.ai_server.tests.test_wrapper_contract.TestSlackMappingSemantics" name="test_duplicate_slash_command_trigger_reuses_cached_response" time="0.020" /><testcase classname="src.ai_server.tests.test_wrapper_contract.TestChatTurnAuth" name="test_rejects_missing_signed_headers" time="0.008" /><testcase classname="src.ai_server.tests.test_wrapper_contract.TestChatTurnAuth" name="test_rejects_invalid_signature" time="0.008" /><testcase classname="src.ai_server.tests.test_wrapper_contract.TestChatTurnAuth" name="test_rejects_replayed_nonce" time="0.018" /><testcase classname="src.ai_server.tests.test_wrapper_contract.TestChatTurnAuth" name="test_rejects_replayed_nonce_after_in_memory_cache_reset" time="0.019" /><testcase classname="src.ai_server.tests.test_wrapper_contract.TestChatTurnAuth" name="test_rejects_stale_timestamp" time="0.008" /><testcase classname="src.ai_server.tests.test_wrapper_contract.TestChatTurnAuth" name="test_rejects_future_timestamp" time="0.007" /><testcase classname="src.ai_server.tests.test_wrapper_contract.TestChatTurnAuth" name="test_rejects_non_integer_timestamp" time="0.008" /><testcase classname="src.ai_server.tests.test_wrapper_contract.TestChatTurnAuth" name="test_rejects_oversized_nonce_before_persistence" time="0.007" /><testcase classname="src.ai_server.tests.test_wrapper_contract.TestChatTurnAuth" name="test_rejects_oversized_signed_body" time="0.008" /><testcase classname="src.ai_server.tests.test_wrapper_contract.TestChatTurnAuth" name="test_unconfigured_signing_secret_returns_503" time="0.006" /><testcase classname="src.ai_server.tests.test_wrapper_contract.TestChatTurnIdempotency" name="test_duplicate_idempotency_key_reuses_cached_response" time="0.020" /><testcase classname="src.ai_server.tests.test_wrapper_contract.TestChatTurnIdempotency" name="test_duplicate_idempotency_key_reuses_persisted_response_after_memory_reset" time="0.022" /><testcase classname="src.ai_server.tests.test_wrapper_contract.TestChatTurnIdempotency" name="test_cache_store_failure_does_not_turn_completed_turn_into_500" time="0.021" /><testcase classname="src.ai_server.tests.test_wrapper_contract.TestChatTurnIdempotency" name="test_same_idempotency_key_with_different_body_is_rejected" time="0.020" /><testcase classname="src.ai_server.tests.test_wrapper_contract.TestChatTurnIdempotency" name="test_in_flight_duplicate_claim_is_rejected_before_side_effects" time="0.001" /><testcase classname="src.ai_server.tests.test_wrapper_contract.TestChatTurnIdempotency" name="test_same_idempotency_key_from_different_actor_is_not_replayed" time="0.026" /><testcase classname="src.ai_server.tests.test_wrapper_contract.TestChatTurnIdempotency" name="test_expired_cached_response_causes_fresh_ai_call" time="0.025" /><testcase classname="src.ai_server.tests.test_wrapper_contract.TestChatTurnToolWiring" name="test_route_can_exercise_list_files_through_the_bound_tool_surface" time="0.016" /><testcase classname="src.ai_server.tests.test_wrapper_contract.TestChatTurnToolWiring" name="test_route_can_exercise_get_file_info_through_the_bound_tool_surface" time="0.016" /><testcase classname="src.ai_server.tests.test_wrapper_contract.TestChatTurnToolWiring" name="test_model_delete_tool_call_becomes_runtime_confirmation" time="0.020" /><testcase classname="src.ai_server.tests.test_wrapper_contract.TestChatTurnToolWiring" name="test_model_storage_mutations_execute_only_after_runtime_confirmation[copy_file-tool_kwargs0-yes, copy reports/source.csv to reports/copy.csv-copy]" time="0.037" /><testcase classname="src.ai_server.tests.test_wrapper_contract.TestChatTurnToolWiring" name="test_model_storage_mutations_execute_only_after_runtime_confirmation[move_file-tool_kwargs1-yes, move reports/source.csv to reports/moved.csv-move]" time="0.037" /><testcase classname="src.ai_server.tests.test_wrapper_contract.TestChatTurnToolWiring" name="test_model_storage_mutations_execute_only_after_runtime_confirmation[write_file-tool_kwargs2-yes, write reports/new.txt sha256:97868a14ac2766398b1d4b1746c5e84da494e947cf24c602580cbd5cdcaf181a-write]" time="0.038" /><testcase classname="src.ai_server.tests.test_wrapper_contract.TestChatTurnConfirmationFlows" name="test_delete_request_returns_confirmation_required" time="0.019" /><testcase classname="src.ai_server.tests.test_wrapper_contract.TestChatTurnConfirmationFlows" name="test_same_actor_can_confirm_pending_delete" time="0.039" /><testcase classname="src.ai_server.tests.test_wrapper_contract.TestChatTurnConfirmationFlows" name="test_different_actor_cannot_confirm_pending_delete" time="0.026" /><testcase classname="src.ai_server.tests.test_wrapper_contract.TestChatTurnConfirmationFlows" name="test_confirmation_for_wrong_path_returns_error" time="0.026" /><testcase classname="src.ai_server.tests.test_wrapper_contract.TestAttachmentByteIngestion" name="test_uploads_inline_attachment_bytes_end_to_end" time="0.022" /><testcase classname="src.ai_server.tests.test_wrapper_contract.TestAttachmentByteIngestion" name="test_partial_success_when_some_attachments_fail_ingestion" time="0.023" /><testcase classname="src.ai_server.tests.test_wrapper_contract.TestAttachmentByteIngestion" name="test_missing_attachment_bytes_returns_error_outcome" time="0.017" /><testcase classname="src.ai_server.tests.test_wrapper_contract.TestChatTurnRateLimiting" name="test_same_user_id_in_different_workspaces_does_not_collide" time="0.022" /><testcase classname="src.ai_server.tests.test_wrapper_contract.TestChatTurnValidation" name="test_requires_user_id" time="0.010" /><testcase classname="src.ai_server.tests.test_wrapper_contract.TestChatTurnValidation" name="test_rejects_more_than_ten_attachments" time="0.012" /><testcase classname="src.ai_server.tests.test_wrapper_contract.TestChatTurnValidation" name="test_rejects_attachment_above_size_cap" time="0.010" /><testcase classname="src.ai_server.tests.test_wrapper_contract.TestChatTurnValidation" name="test_rejects_attachment_with_invalid_content_type" time="0.010" /><testcase classname="src.ai_server.tests.test_wrapper_contract.TestChatTurnValidation" name="test_rejects_inline_attachment_bytes_over_the_turn_budget" time="0.011" /><testcase classname="src.ai_server.tests.test_wrapper_contract.TestChatTurnValidation" name="test_rejects_inline_attachment_budget_when_declared_sizes_are_dishonest" time="0.010" /><testcase classname="src.aws_client_adapter.tests.test_service_adapter" name="test_upload_file_posts_container_and_multipart_body" time="0.003" /><testcase classname="src.aws_client_adapter.tests.test_service_adapter" name="test_list_files_returns_parsed_object_infos" time="0.001" /><testcase classname="src.aws_client_adapter.tests.test_service_adapter" name="test_list_files_sorts_service_results_by_object_name" time="0.002" /><testcase classname="src.aws_client_adapter.tests.test_service_adapter" name="test_download_file_writes_response_content" time="0.001" /><testcase classname="src.aws_client_adapter.tests.test_service_adapter" name="test_download_file_maps_local_write_failure_to_local_access_error" time="0.001" /><testcase classname="src.aws_client_adapter.tests.test_service_adapter" name="test_download_file_maps_transport_failure_to_backend_error" time="0.001" /><testcase classname="src.aws_client_adapter.tests.test_service_adapter" name="test_delete_file_maps_not_found_to_domain_exception" time="0.001" /><testcase classname="src.aws_client_adapter.tests.test_service_adapter" name="test_delete_file_returns_delete_result_on_success" time="0.000" /><testcase classname="src.aws_client_adapter.tests.test_service_adapter" name="test_get_file_info_returns_metadata_and_unset_values_as_none" time="0.000" /><testcase classname="src.aws_client_adapter.tests.test_service_adapter" name="test_get_file_info_maps_container_404_to_container_not_found" time="0.001" /><testcase classname="src.aws_client_adapter.tests.test_service_adapter" name="test_list_files_maps_bad_container_validation_error" time="0.001" /><testcase classname="src.aws_client_adapter.tests.test_service_adapter" name="test_remote_operations_map_transport_failures_to_backend_errors[upload_obj-args0-remote_failure0]" time="0.001" /><testcase classname="src.aws_client_adapter.tests.test_service_adapter" name="test_remote_operations_map_transport_failures_to_backend_errors[list_files-args1-remote_failure1]" time="0.001" /><testcase classname="src.aws_client_adapter.tests.test_service_adapter" name="test_remote_operations_map_transport_failures_to_backend_errors[delete_file-args2-remote_failure2]" time="0.001" /><testcase classname="src.aws_client_adapter.tests.test_service_adapter" name="test_remote_operations_map_transport_failures_to_backend_errors[get_file_info-args3-remote_failure3]" time="0.001" /><testcase classname="src.aws_client_adapter.tests.test_service_adapter" name="test_upload_file_maps_missing_local_file_to_local_access_error" time="0.001" /><testcase classname="src.aws_client_adapter.tests.test_service_adapter" name="test_upload_obj_rejects_text_file_objects" time="0.000" /><testcase classname="src.aws_client_adapter.tests.test_service_adapter" name="test_upload_obj_rejects_objects_without_file_interface" time="0.001" /><testcase classname="src.aws_client_adapter.tests.test_service_adapter" name="test_operations_reject_empty_container_before_remote_call[upload_obj-args0]" time="0.001" /><testcase classname="src.aws_client_adapter.tests.test_service_adapter" name="test_operations_reject_empty_container_before_remote_call[download_file-args1]" time="0.001" /><testcase classname="src.aws_client_adapter.tests.test_service_adapter" name="test_operations_reject_empty_container_before_remote_call[list_files-args2]" time="0.001" /><testcase classname="src.aws_client_adapter.tests.test_service_adapter" name="test_operations_reject_empty_container_before_remote_call[delete_file-args3]" time="0.001" /><testcase classname="src.aws_client_adapter.tests.test_service_adapter" name="test_operations_reject_empty_container_before_remote_call[get_file_info-args4]" time="0.001" /><testcase classname="src.aws_client_adapter.tests.test_service_adapter" name="test_operations_reject_empty_object_name_before_remote_call[upload_obj-args0]" time="0.002" /><testcase classname="src.aws_client_adapter.tests.test_service_adapter" name="test_operations_reject_empty_object_name_before_remote_call[download_file-args1]" time="0.001" /><testcase classname="src.aws_client_adapter.tests.test_service_adapter" name="test_operations_reject_empty_object_name_before_remote_call[delete_file-args2]" time="0.001" /><testcase classname="src.aws_client_adapter.tests.test_service_adapter" name="test_operations_reject_empty_object_name_before_remote_call[get_file_info-args3]" time="0.001" /><testcase classname="src.aws_client_adapter.tests.test_service_adapter" name="test_upload_obj_rejects_leading_slash_object_name" time="0.001" /><testcase classname="src.aws_client_adapter.tests.test_service_adapter" name="test_response_errors_are_translated_to_domain_exceptions[401-{&quot;detail&quot;:&quot;bad API key&quot;}-AuthenticationError-bad API key]" time="0.001" /><testcase classname="src.aws_client_adapter.tests.test_service_adapter" name="test_response_errors_are_translated_to_domain_exceptions[400-{&quot;detail&quot;:&quot;file_obj must be readable&quot;}-InvalidFileObjectError-file_obj]" time="0.001" /><testcase classname="src.aws_client_adapter.tests.test_service_adapter" name="test_response_errors_are_translated_to_domain_exceptions[422-{&quot;detail&quot;:[{&quot;loc&quot;:[&quot;query&quot;,&quot;object_name&quot;],&quot;msg&quot;:&quot;Field required&quot;}]}-InvalidObjectNameError-query.object_name: Field required]" time="0.001" /><testcase classname="src.aws_client_adapter.tests.test_service_adapter" name="test_response_errors_are_translated_to_domain_exceptions[502-upstream unavailable-StorageBackendError-upstream unavailable]" time="0.001" /><testcase classname="src.aws_client_adapter.tests.test_service_adapter" name="test_response_errors_are_translated_to_domain_exceptions[500-\xff-StorageBackendError-Service request failed]" time="0.001" /><testcase classname="src.aws_client_adapter.tests.test_service_adapter" name="test_get_client_impl_uses_authenticated_client_when_api_key_is_set[env0-Client]" time="0.000" /><testcase classname="src.aws_client_adapter.tests.test_service_adapter" name="test_get_client_impl_uses_authenticated_client_when_api_key_is_set[env1-AuthenticatedClient]" time="0.000" /><testcase classname="src.aws_client_impl.tests.test_abort_multipart_upload" name="test_abort_multipart_upload_raises_value_error_on_empty_key" time="0.001" /><testcase classname="src.aws_client_impl.tests.test_abort_multipart_upload" name="test_abort_multipart_upload_raises_value_error_on_leading_slash" time="0.001" /><testcase classname="src.aws_client_impl.tests.test_abort_multipart_upload" name="test_abort_multipart_upload_returns_true_on_success" time="0.001" /><testcase classname="src.aws_client_impl.tests.test_abort_multipart_upload" name="test_abort_multipart_upload_returns_false_on_client_error" time="0.002" /><testcase classname="src.aws_client_impl.tests.test_complete_multipart_upload" name="test_complete_multipart_upload_raises_value_error_on_empty_key" time="0.001" /><testcase classname="src.aws_client_impl.tests.test_complete_multipart_upload" name="test_complete_multipart_upload_raises_value_error_on_leading_slash" time="0.000" /><testcase classname="src.aws_client_impl.tests.test_complete_multipart_upload" name="test_complete_multipart_upload_returns_true_on_success" time="0.001" /><testcase classname="src.aws_client_impl.tests.test_complete_multipart_upload" name="test_complete_multipart_upload_returns_false_on_client_error" time="0.001" /><testcase classname="src.aws_client_impl.tests.test_create_bucket" name="test_create_bucket_us_east_1_does_not_send_location_constraint" time="0.001" /><testcase classname="src.aws_client_impl.tests.test_create_bucket" name="test_create_bucket_other_region_sends_location_constraint" time="0.001" /><testcase classname="src.aws_client_impl.tests.test_create_bucket" name="test_create_bucket_returns_false_on_client_error" time="0.001" /><testcase classname="src.aws_client_impl.tests.test_create_multipart_upload" name="test_create_multipart_upload_raises_value_error_on_empty_key" time="0.001" /><testcase classname="src.aws_client_impl.tests.test_create_multipart_upload" name="test_create_multipart_upload_raises_value_error_on_leading_slash" time="0.001" /><testcase classname="src.aws_client_impl.tests.test_create_multipart_upload" name="test_create_multipart_upload_returns_response_on_success" time="0.001" /><testcase classname="src.aws_client_impl.tests.test_create_multipart_upload" name="test_create_multipart_upload_includes_sse_kms" time="0.001" /><testcase classname="src.aws_client_impl.tests.test_create_multipart_upload" name="test_create_multipart_upload_raises_client_error_on_failure" time="0.001" /><testcase classname="src.aws_client_impl.tests.test_delete_bucket" name="test_delete_bucket_returns_true_on_success" time="0.001" /><testcase classname="src.aws_client_impl.tests.test_delete_bucket" name="test_delete_bucket_returns_false_on_client_error" time="0.001" /><testcase classname="src.aws_client_impl.tests.test_delete_file" name="test_delete_file_returns_delete_result_on_success" time="0.001" /><testcase classname="src.aws_client_impl.tests.test_delete_file" name="test_delete_file_raises_object_not_found_on_missing_object" time="0.001" /><testcase classname="src.aws_client_impl.tests.test_download" name="test_download_file_returns_object_info_on_success" time="0.001" /><testcase classname="src.aws_client_impl.tests.test_download" name="test_download_file_raises_object_not_found_on_client_error" time="0.001" /><testcase classname="src.aws_client_impl.tests.test_download_fileobj" name="test_download_fileobj_returns_true_on_success" time="0.001" /><testcase classname="src.aws_client_impl.tests.test_download_fileobj" name="test_download_fileobj_returns_false_on_client_error" time="0.001" /><testcase classname="src.aws_client_impl.tests.test_get_session" name="test_get_session_uses_aws_region_env_var" time="0.001" /><testcase classname="src.aws_client_impl.tests.test_get_session" name="test_get_session_defaults_to_us_east_1" time="0.001" /><testcase classname="src.aws_client_impl.tests.test_get_session" name="test_get_session_uses_explicit_tenant_credentials" time="0.000" /><testcase classname="src.aws_client_impl.tests.test_list_files" name="test_list_files_returns_object_info_on_success" time="0.001" /><testcase classname="src.aws_client_impl.tests.test_list_files" name="test_list_files_returns_empty_list_when_no_contents" time="0.001" /><testcase classname="src.aws_client_impl.tests.test_list_files" name="test_list_files_raises_storage_backend_error_on_client_error" time="0.000" /><testcase classname="src.aws_client_impl.tests.test_multipart_upload" name="test_multipart_upload_file_completes_on_success" time="0.002" /><testcase classname="src.aws_client_impl.tests.test_multipart_upload" name="test_multipart_upload_file_aborts_on_part_failure" time="0.001" /><testcase classname="src.aws_client_impl.tests.test_multipart_upload" name="test_multipart_upload_obj_aborts_on_stream_read_failure" time="0.001" /><testcase classname="src.aws_client_impl.tests.test_oauth" name="test_build_github_auth_url_returns_url_and_state" time="0.001" /><testcase classname="src.aws_client_impl.tests.test_oauth" name="test_build_github_auth_url_state_is_unique" time="0.000" /><testcase classname="src.aws_client_impl.tests.test_oauth" name="test_build_github_auth_url_contains_required_params" time="0.001" /><testcase classname="src.aws_client_impl.tests.test_oauth" name="test_build_github_auth_url_uses_auth_uri_as_base" time="0.000" /><testcase classname="src.aws_client_impl.tests.test_oauth" name="test_build_github_auth_url_missing_env_raises" time="0.000" /><testcase classname="src.aws_client_impl.tests.test_oauth" name="test_validate_state_returns_true_for_matching_states" time="0.000" /><testcase classname="src.aws_client_impl.tests.test_oauth" name="test_validate_state_returns_false_for_mismatched_states" time="0.000" /><testcase classname="src.aws_client_impl.tests.test_oauth" name="test_validate_state_returns_false_for_empty_vs_nonempty" time="0.000" /><testcase classname="src.aws_client_impl.tests.test_oauth" name="test_validate_state_returns_false_for_both_empty" time="0.000" /><testcase classname="src.aws_client_impl.tests.test_oauth" name="test_validate_state_is_case_sensitive" time="0.000" /><testcase classname="src.aws_client_impl.tests.test_oauth" name="test_validate_state_uses_real_generated_state" time="0.000" /><testcase classname="src.aws_client_impl.tests.test_oauth" name="test_exchange_code_for_token_returns_access_token" time="0.001" /><testcase classname="src.aws_client_impl.tests.test_oauth" name="test_exchange_code_for_token_posts_to_token_uri" time="0.001" /><testcase classname="src.aws_client_impl.tests.test_oauth" name="test_exchange_code_for_token_raises_value_error_when_token_missing" time="0.001" /><testcase classname="src.aws_client_impl.tests.test_oauth" name="test_exchange_code_for_token_missing_env_raises" time="0.000" /><testcase classname="src.aws_client_impl.tests.test_oauth" name="test_exchange_code_for_token_raises_transport_error_on_timeout" time="0.001" /><testcase classname="src.aws_client_impl.tests.test_oauth" name="test_exchange_code_for_token_raises_transport_error_on_connection_failure" time="0.001" /><testcase classname="src.aws_client_impl.tests.test_oauth" name="test_exchange_code_for_token_raises_provider_error_on_http_failure" time="0.001" /><testcase classname="src.aws_client_impl.tests.test_oauth" name="test_exchange_code_for_token_raises_provider_error_on_invalid_json" time="0.001" /><testcase classname="src.aws_client_impl.tests.test_store_token" name="test_store_token_stores_token" time="0.000" /><testcase classname="src.aws_client_impl.tests.test_store_token" name="test_store_token_overwrites_existing_token" time="0.000" /><testcase classname="src.aws_client_impl.tests.test_store_token" name="test_store_token_raises_on_empty_user_id" time="0.001" /><testcase classname="src.aws_client_impl.tests.test_store_token" name="test_store_token_raises_on_empty_token" time="0.001" /><testcase classname="src.aws_client_impl.tests.test_store_token" name="test_store_token_stores_multiple_users" time="0.000" /><testcase classname="src.aws_client_impl.tests.test_store_token" name="test_get_token_returns_none_for_unknown_user" time="0.000" /><testcase classname="src.aws_client_impl.tests.test_store_token" name="test_get_token_returns_correct_token" time="0.000" /><testcase classname="src.aws_client_impl.tests.test_store_token" name="test_delete_token_removes_token" time="0.000" /><testcase classname="src.aws_client_impl.tests.test_store_token" name="test_delete_token_is_silent_for_unknown_user" time="0.000" /><testcase classname="src.aws_client_impl.tests.test_store_token" name="test_delete_token_only_removes_target_user" time="0.000" /><testcase classname="src.aws_client_impl.tests.test_upload_file" name="test_upload_file_raises_value_error_on_empty_key" time="0.000" /><testcase classname="src.aws_client_impl.tests.test_upload_file" name="test_upload_file_raises_value_error_on_leading_slash" time="0.000" /><testcase classname="src.aws_client_impl.tests.test_upload_file" name="test_upload_file_calls_singlepart_upload_when_small" time="0.001" /><testcase classname="src.aws_client_impl.tests.test_upload_file" name="test_upload_file_includes_sse_kms_extra_args" time="0.002" /><testcase classname="src.aws_client_impl.tests.test_upload_file" name="test_upload_file_calls_multipart_upload_when_large" time="0.001" /><testcase classname="src.aws_client_impl.tests.test_upload_file" name="test_upload_file_raises_local_file_access_error" time="0.001" /><testcase classname="src.aws_client_impl.tests.test_upload_file" name="test_upload_file_raises_client_error_on_upload_failure" time="0.001" /><testcase classname="src.aws_client_impl.tests.test_upload_obj" name="test_upload_obj_raises_value_error_on_empty_key" time="0.000" /><testcase classname="src.aws_client_impl.tests.test_upload_obj" name="test_upload_obj_raises_value_error_on_leading_slash" time="0.000" /><testcase classname="src.aws_client_impl.tests.test_upload_obj" name="test_upload_obj_calls_singlepart_upload_when_small" time="0.001" /><testcase classname="src.aws_client_impl.tests.test_upload_obj" name="test_upload_obj_includes_sse_kms_extra_args" time="0.001" /><testcase classname="src.aws_client_impl.tests.test_upload_obj" name="test_upload_obj_calls_multipart_when_unseekable" time="0.001" /><testcase classname="src.aws_client_impl.tests.test_upload_obj" name="test_upload_obj_raises_client_error_on_upload_failure" time="0.001" /><testcase classname="src.aws_client_impl.tests.test_upload_part" name="test_upload_part_raises_value_error_on_empty_key" time="0.001" /><testcase classname="src.aws_client_impl.tests.test_upload_part" name="test_upload_part_raises_value_error_on_leading_slash" time="0.000" /><testcase classname="src.aws_client_impl.tests.test_upload_part" name="test_upload_part_raises_value_error_on_invalid_part_number" time="0.001" /><testcase classname="src.aws_client_impl.tests.test_upload_part" name="test_upload_part_returns_response_on_success" time="0.001" /><testcase classname="src.aws_client_impl.tests.test_upload_part" name="test_upload_part_raises_client_error_on_failure" time="0.001" /><testcase classname="src.aws_client_impl.tests.test_validate_file_obj" name="test_validate_file_obj_raises_value_error_when_not_readable" time="0.001" /><testcase classname="src.aws_client_impl.tests.test_validate_file_obj" name="test_validate_file_obj_raises_type_error_when_text_mode" time="0.001" /><testcase classname="src.aws_client_impl.tests.test_validate_file_obj" name="test_validate_file_obj_raises_value_error_when_not_file_like" time="0.001" /><testcase classname="src.aws_client_impl.tests.test_validate_file_obj" name="test_validate_file_obj_passes_for_binary_file_like" time="0.000" /><testcase classname="src.aws_client_service.tests.test_auth" name="test_auth_login_redirects" time="0.006" /><testcase classname="src.aws_client_service.tests.test_auth" name="test_auth_callback_rejects_invalid_state" time="0.006" /><testcase classname="src.aws_client_service.tests.test_auth" name="test_auth_callback_stores_token_on_success" time="0.010" /><testcase classname="src.aws_client_service.tests.test_auth" name="test_auth_callback_clears_oauth_state_after_success" time="0.008" /><testcase classname="src.aws_client_service.tests.test_auth" name="test_auth_callback_maps_value_error_to_400" time="0.007" /><testcase classname="src.aws_client_service.tests.test_auth" name="test_auth_callback_maps_transport_timeout_to_504" time="0.006" /><testcase classname="src.aws_client_service.tests.test_auth" name="test_auth_callback_maps_provider_failure_to_502" time="0.006" /><testcase classname="src.aws_client_service.tests.test_auth" name="test_require_oauth_session_authenticates_only_expected_api_keys[headers0-200]" time="0.005" /><testcase classname="src.aws_client_service.tests.test_auth" name="test_require_oauth_session_authenticates_only_expected_api_keys[headers1-200]" time="0.005" /><testcase classname="src.aws_client_service.tests.test_auth" name="test_require_oauth_session_authenticates_only_expected_api_keys[headers2-401]" time="0.004" /><testcase classname="src.aws_client_service.tests.test_auth" name="test_require_oauth_session_authenticates_only_expected_api_keys[headers3-401]" time="0.004" /><testcase classname="src.aws_client_service.tests.test_auth" name="test_require_oauth_session_authenticates_only_expected_api_keys[headers4-401]" time="0.004" /><testcase classname="src.aws_client_service.tests.test_auth" name="test_require_oauth_session_authenticates_only_expected_api_keys[headers5-401]" time="0.004" /><testcase classname="src.aws_client_service.tests.test_auth" name="test_require_oauth_session_rejects_missing_token" time="0.004" /><testcase classname="src.aws_client_service.tests.test_token_store" name="test_create_and_get_oauth_session" time="0.001" /><testcase classname="src.aws_client_service.tests.test_token_store" name="test_create_oauth_session_writes_private_token_file" time="0.001" /><testcase classname="src.aws_client_service.tests.test_token_store" name="test_delete_oauth_session_removes_token" time="0.001" /><testcase classname="src.nimbus_cli.tests.test_auth" name="test_sign_request_matches_server_hmac_contract" time="0.000" /><testcase classname="src.nimbus_cli.tests.test_auth" name="test_remote_auth_headers_bearer_profiles_are_rejected" time="0.001" /><testcase classname="src.nimbus_cli.tests.test_auth" name="test_remote_auth_headers_hmac_raises_when_secret_missing" time="0.001" /><testcase classname="src.nimbus_cli.tests.test_auth" name="test_remote_auth_headers_raises_when_no_auth_configured" time="0.001" /><testcase classname="src.nimbus_cli.tests.test_cli" name="test_local_chat_defaults_new_session_and_resume_uses_last" time="0.336" /><testcase classname="src.nimbus_cli.tests.test_cli" name="test_remote_hmac_profile_posts_signed_turn" time="0.052" /><testcase classname="src.nimbus_cli.tests.test_cli" name="test_setup_remote_rejects_bearer_auth" time="0.026" /><testcase classname="src.nimbus_cli.tests.test_cli" name="test_auth_local_reads_credentials_env_for_provider_and_aws" time="0.028" /><testcase classname="src.nimbus_cli.tests.test_cli" name="test_bare_auth_imports_credentials_env" time="0.029" /><testcase classname="src.nimbus_cli.tests.test_cli" name="test_auth_paste_imports_bulk_credentials_without_echoing_secrets" time="0.028" /><testcase classname="src.nimbus_cli.tests.test_cli" name="test_auth_profile_use_switches_active_profile" time="0.104" /><testcase classname="src.nimbus_cli.tests.test_cli" name="test_auth_doctor_alias_runs_profile_checks" time="0.052" /><testcase classname="src.nimbus_cli.tests.test_cli" name="test_chat_bootstraps_default_profile_from_credentials_env" time="0.030" /><testcase classname="src.nimbus_cli.tests.test_cli" name="test_local_chat_uses_full_runtime_turn_contract" time="0.056" /><testcase classname="src.nimbus_cli.tests.test_cli" name="test_task_list_no_tasks" time="0.030" /><testcase classname="src.nimbus_cli.tests.test_cli" name="test_task_list_shows_tasks" time="0.032" /><testcase classname="src.nimbus_cli.tests.test_cli" name="test_task_list_invalid_status_exits" time="0.026" /><testcase classname="src.nimbus_cli.tests.test_cli" name="test_task_inspect_existing" time="0.032" /><testcase classname="src.nimbus_cli.tests.test_cli" name="test_task_inspect_missing_exits" time="0.030" /><testcase classname="src.nimbus_cli.tests.test_cli" name="test_task_events_no_events" time="0.033" /><testcase classname="src.nimbus_cli.tests.test_cli" name="test_task_events_missing_task_exits" time="0.031" /><testcase classname="src.nimbus_cli.tests.test_cli" name="test_task_artifacts_no_artifacts" time="0.031" /><testcase classname="src.nimbus_cli.tests.test_cli" name="test_task_artifacts_missing_task_exits" time="0.030" /><testcase classname="src.nimbus_cli.tests.test_cli" name="test_task_cancel_scanning_task" time="0.033" /><testcase classname="src.nimbus_cli.tests.test_cli" name="test_task_cancel_done_task_exits" time="0.031" /><testcase classname="src.nimbus_cli.tests.test_cli" name="test_task_cancel_missing_exits" time="0.030" /><testcase classname="src.nimbus_cli.tests.test_cli" name="test_task_watch_no_tasks_exits" time="0.029" /><testcase classname="src.nimbus_cli.tests.test_cli" name="test_task_watch_terminal_task_exits_cleanly" time="0.032" /><testcase classname="src.nimbus_cli.tests.test_cli" name="test_chat_with_no_profile_and_no_env_shows_welcome_panel" time="0.026" /><testcase classname="src.nimbus_cli.tests.test_cli" name="test_chat_with_unknown_profile_shows_welcome_panel" time="0.026" /><testcase classname="src.nimbus_cli.tests.test_cli" name="test_local_chat_invokes_thinking_spinner" time="0.052" /><testcase classname="src.nimbus_cli.tests.test_cli" name="test_local_chat_renders_confirmation_and_actions" time="0.054" /><testcase classname="src.nimbus_cli.tests.test_cli" name="test_model_with_argument_updates_local_profile" time="0.051" /><testcase classname="src.nimbus_cli.tests.test_cli" name="test_model_without_argument_uses_picker_in_non_tty" time="0.052" /><testcase classname="src.nimbus_cli.tests.test_cli" name="test_model_with_unknown_profile_prints_welcome_panel" time="0.027" /><testcase classname="src.nimbus_cli.tests.test_cli" name="test_model_against_remote_profile_errors" time="0.052" /><testcase classname="src.nimbus_cli.tests.test_cli" name="test_doctor_local_profile_with_complete_setup_passes" time="0.053" /><testcase classname="src.nimbus_cli.tests.test_cli" name="test_doctor_local_profile_without_openrouter_key_fails" time="0.028" /><testcase classname="src.nimbus_cli.tests.test_cli" name="test_doctor_with_unknown_profile_shows_welcome_panel" time="0.026" /><testcase classname="src.nimbus_cli.tests.test_cli" name="test_doctor_remote_profile_probes_reachability" time="0.052" /><testcase classname="src.nimbus_cli.tests.test_cli" name="test_repl_help_lists_known_commands" time="0.054" /><testcase classname="src.nimbus_cli.tests.test_cli" name="test_repl_model_slash_with_argument_updates_profile" time="0.053" /><testcase classname="src.nimbus_cli.tests.test_cli" name="test_repl_unknown_slash_warns_and_continues" time="0.053" /><testcase classname="src.nimbus_cli.tests.test_cli" name="test_repl_exit_slash_leaves" time="0.053" /><testcase classname="src.nimbus_cli.tests.test_cli" name="test_repl_new_slash_rotates_session" time="0.052" /><testcase classname="src.nimbus_cli.tests.test_cli" name="test_task_approve_succeeds" time="0.034" /><testcase classname="src.nimbus_cli.tests.test_cli" name="test_task_approve_wrong_status_exits" time="0.030" /><testcase classname="src.nimbus_cli.tests.test_cli" name="test_task_approve_missing_task_exits" time="0.029" /><testcase classname="src.nimbus_cli.tests.test_cli" name="test_task_approve_no_pending_approval_exits" time="0.031" /><testcase classname="src.nimbus_cli.tests.test_cli" name="test_task_retry_failed_task_prints_guidance" time="0.032" /><testcase classname="src.nimbus_cli.tests.test_cli" name="test_task_retry_creates_pending_task" time="0.032" /><testcase classname="src.nimbus_cli.tests.test_cli" name="test_task_retry_canceled_task_creates_pending" time="0.033" /><testcase classname="src.nimbus_cli.tests.test_cli" name="test_task_retry_done_task_exits" time="0.031" /><testcase classname="src.nimbus_cli.tests.test_cli" name="test_task_retry_missing_task_exits" time="0.030" /><testcase classname="src.nimbus_cli.tests.test_cli" name="test_plan_show_existing" time="0.032" /><testcase classname="src.nimbus_cli.tests.test_cli" name="test_plan_show_missing_exits" time="0.029" /><testcase classname="src.nimbus_cli.tests.test_cli" name="test_plan_apply_with_yes_flag_approves_plan" time="0.032" /><testcase classname="src.nimbus_cli.tests.test_cli" name="test_plan_apply_non_proposed_plan_exits" time="0.030" /><testcase classname="src.nimbus_cli.tests.test_cli" name="test_plan_apply_missing_plan_exits" time="0.029" /><testcase classname="src.nimbus_cli.tests.test_cli" name="test_artifact_show_existing" time="0.031" /><testcase classname="src.nimbus_cli.tests.test_cli" name="test_artifact_show_missing_exits" time="0.029" /><testcase classname="src.nimbus_cli.tests.test_cli" name="test_artifact_store_get_returns_artifact" time="0.005" /><testcase classname="src.nimbus_cli.tests.test_cli" name="test_artifact_store_get_returns_none_when_missing" time="0.004" /><testcase classname="src.nimbus_cli.tests.test_cli" name="test_task_list_watch_stops_on_keyboard_interrupt" time="0.033" /><testcase classname="src.nimbus_cli.tests.test_cli" name="test_task_list_watch_renders_task_ids" time="0.033" /><testcase classname="src.nimbus_cli.tests.test_cli" name="test_task_list_no_watch_does_not_loop" time="0.030" /><testcase classname="src.nimbus_cli.tests.test_cli" name="test_setup_readline_history_creates_file_on_write" time="0.001" /><testcase classname="src.nimbus_cli.tests.test_cli" name="test_setup_readline_history_missing_file_is_silent" time="0.001" /><testcase classname="src.nimbus_cli.tests.test_cli" name="test_format_bytes_below_1kb" time="0.000" /><testcase classname="src.nimbus_cli.tests.test_cli" name="test_format_bytes_kb_range" time="0.000" /><testcase classname="src.nimbus_cli.tests.test_cli" name="test_format_bytes_mb_range" time="0.000" /><testcase classname="src.nimbus_cli.tests.test_config" name="test_config_round_trips_profiles_and_sessions" time="0.001" /><testcase classname="src.nimbus_cli.tests.test_config" name="test_resume_last_requires_existing_session" time="0.001" /><testcase classname="src.nimbus_cli.tests.test_config" name="test_remote_profile_requires_auth_and_base_url" time="0.001" /><testcase classname="src.nimbus_cli.tests.test_config" name="test_session_record_from_json_rejects_non_dict" time="0.001" /><testcase classname="src.nimbus_cli.tests.test_config" name="test_profile_from_json_rejects_non_dict" time="0.001" /><testcase classname="src.nimbus_cli.tests.test_config" name="test_remote_profile_requires_remote_auth" time="0.000" /><testcase classname="src.nimbus_cli.tests.test_config" name="test_profile_lookup_raises_on_unknown_name" time="0.001" /><testcase classname="src.nimbus_cli.tests.test_config" name="test_with_active_profile_switches_without_touching_profiles" time="0.000" /><testcase classname="src.nimbus_cli.tests.test_config" name="test_with_active_profile_rejects_unknown_profile" time="0.000" /><testcase classname="src.nimbus_cli.tests.test_config" name="test_resume_last_raises_when_session_missing_from_store" time="0.000" /><testcase classname="src.nimbus_cli.tests.test_config" name="test_resolve_session_reuses_existing_external_id" time="0.000" /><testcase classname="src.nimbus_cli.tests.test_config" name="test_nimbus_config_from_json_rejects_non_dict" time="0.001" /><testcase classname="src.nimbus_cli.tests.test_config" name="test_nimbus_config_from_json_rejects_wrong_schema_version" time="0.001" /><testcase classname="src.nimbus_cli.tests.test_config" name="test_nimbus_config_from_json_rejects_non_dict_profiles" time="0.001" /><testcase classname="src.nimbus_cli.tests.test_config" name="test_nimbus_config_from_json_rejects_non_dict_last_session" time="0.001" /><testcase classname="src.nimbus_cli.tests.test_config" name="test_default_session_dir_respects_env" time="0.001" /><testcase classname="src.nimbus_cli.tests.test_config" name="test_required_str_raises_on_missing_key" time="0.001" /><testcase classname="src.nimbus_cli.tests.test_config" name="test_optional_str_raises_on_non_string_value" time="0.001" /><testcase classname="src.nimbus_cli.tests.test_config" name="test_literal_value_raises_on_invalid_choice" time="0.001" /><testcase classname="src.nimbus_cli.tests.test_runtime" name="test_build_local_runtime_raises_when_api_key_missing" time="0.001" /><testcase classname="src.nimbus_cli.tests.test_runtime" name="test_build_local_runtime_uses_env_api_key" time="0.001" /><testcase classname="src.nimbus_cli.tests.test_runtime" name="test_build_local_runtime_prefers_env_over_stored_api_key" time="0.001" /><testcase classname="src.nimbus_cli.tests.test_runtime" name="test_build_local_runtime_uses_stored_aws_credentials" time="0.002" /><testcase classname="src.nimbus_cli.tests.test_runtime" name="test_build_local_runtime_prefers_env_over_stored_aws_credentials" time="0.001" /><testcase classname="src.nimbus_cli.tests.test_secrets" name="test_secret_store_uses_file_fallback_when_keyring_disabled" time="0.001" /><testcase classname="src.nimbus_cli.tests.test_secrets" name="test_has_returns_false_when_secret_absent" time="0.001" /><testcase classname="src.nimbus_cli.tests.test_secrets" name="test_has_returns_true_when_secret_present" time="0.001" /><testcase classname="src.nimbus_cli.tests.test_secrets" name="test_delete_removes_secret_from_file" time="0.001" /><testcase classname="src.nimbus_cli.tests.test_secrets" name="test_load_file_raises_on_non_dict_json" time="0.001" /><testcase classname="src.nimbus_cli.tests.test_secrets" name="test_try_keyring_set_returns_false_on_error" time="0.000" /><testcase classname="src.nimbus_cli.tests.test_secrets" name="test_try_keyring_get_returns_none_on_error" time="0.000" /><testcase classname="src.nimbus_cli.tests.test_secrets" name="test_try_keyring_delete_ignores_error" time="0.000" /><testcase classname="src.nimbus_cli.tests.test_secrets" name="test_set_uses_keyring_when_enabled" time="0.001" /><testcase classname="src.nimbus_cli.tests.test_storage_admin.TestParseLegacyKey" name="test_canonical_legacy_key_parses" time="0.000" /><testcase classname="src.nimbus_cli.tests.test_storage_admin.TestParseLegacyKey" name="test_group_channel_id_parses" time="0.000" /><testcase classname="src.nimbus_cli.tests.test_storage_admin.TestParseLegacyKey" name="test_dm_channel_id_parses" time="0.000" /><testcase classname="src.nimbus_cli.tests.test_storage_admin.TestParseLegacyKey" name="test_filename_with_subpath_keeps_full_remainder" time="0.000" /><testcase classname="src.nimbus_cli.tests.test_storage_admin.TestParseLegacyKey" name="test_already_readable_key_is_not_legacy" time="0.000" /><testcase classname="src.nimbus_cli.tests.test_storage_admin.TestParseLegacyKey" name="test_top_level_object_is_not_legacy" time="0.000" /><testcase classname="src.nimbus_cli.tests.test_storage_admin.TestParseLegacyKey" name="test_partial_path_is_not_legacy" time="0.000" /><testcase classname="src.nimbus_cli.tests.test_storage_admin.TestBuildReadableKey" name="test_full_mapping_produces_readable_key" time="0.000" /><testcase classname="src.nimbus_cli.tests.test_storage_admin.TestBuildReadableKey" name="test_missing_team_blocks_rename" time="0.000" /><testcase classname="src.nimbus_cli.tests.test_storage_admin.TestBuildReadableKey" name="test_missing_channel_blocks_rename" time="0.000" /><testcase classname="src.nimbus_cli.tests.test_storage_admin.TestBuildReadableKey" name="test_unsafe_characters_in_names_are_sanitised" time="0.000" /><testcase classname="src.nimbus_cli.tests.test_storage_admin.TestPlanRenames" name="test_classifies_legacy_skipped_and_unrelated" time="0.000" /><testcase classname="src.nimbus_cli.tests.test_storage_admin.TestChunkRanges" name="test_single_chunk_when_size_fits_one_part" time="0.000" /><testcase classname="src.nimbus_cli.tests.test_storage_admin.TestChunkRanges" name="test_exact_boundary_produces_two_chunks" time="0.000" /><testcase classname="src.nimbus_cli.tests.test_storage_admin.TestChunkRanges" name="test_remainder_chunk_is_smaller" time="0.000" /><testcase classname="src.nimbus_cli.tests.test_storage_admin.TestChunkRanges" name="test_all_ranges_are_contiguous_and_cover_full_size" time="0.000" /><testcase classname="src.nimbus_cli.tests.test_storage_admin.TestChunkRanges" name="test_single_byte_object" time="0.000" /><testcase classname="src.nimbus_cli.tests.test_storage_admin.TestSinglePartCopy" name="test_calls_copy_object_without_kms" time="0.001" /><testcase classname="src.nimbus_cli.tests.test_storage_admin.TestSinglePartCopy" name="test_propagates_kms_key_when_present" time="0.000" /><testcase classname="src.nimbus_cli.tests.test_storage_admin.TestSinglePartCopy" name="test_no_kms_fields_when_key_is_none" time="0.000" /><testcase classname="src.nimbus_cli.tests.test_storage_admin.TestMultipartCopy" name="test_completes_multipart_upload_for_large_object" time="0.001" /><testcase classname="src.nimbus_cli.tests.test_storage_admin.TestMultipartCopy" name="test_propagates_kms_key_in_create_call" time="0.001" /><testcase classname="src.nimbus_cli.tests.test_storage_admin.TestMultipartCopy" name="test_aborts_upload_and_reraises_on_part_failure" time="0.001" /><testcase classname="src.nimbus_cli.tests.test_storage_admin.TestMultipartCopy" name="test_aborts_upload_on_complete_failure" time="0.001" /><testcase classname="src.nimbus_cli.tests.test_storage_admin.TestServerSideRename" name="test_small_object_uses_single_part_copy" time="0.001" /><testcase classname="src.nimbus_cli.tests.test_storage_admin.TestServerSideRename" name="test_large_object_uses_multipart_copy" time="0.001" /><testcase classname="src.nimbus_cli.tests.test_storage_admin.TestServerSideRename" name="test_kms_key_threaded_from_head_to_copy" time="0.001" /><testcase classname="src.nimbus_cli.tests.test_storage_admin.TestServerSideRename" name="test_delete_not_called_if_copy_raises" time="0.001" /><testcase classname="src.nimbus_cli.tests.test_storage_admin.TestLoadMapping" name="test_loads_toml_mapping" time="0.001" /><testcase classname="src.nimbus_cli.tests.test_storage_admin.TestLoadMapping" name="test_loads_json_mapping" time="0.001" /><testcase classname="src.nimbus_cli.tests.test_storage_admin.TestLoadMapping" name="test_rejects_unsupported_extension" time="0.001" /><testcase classname="src.nimbus_cli.tests.test_storage_admin.TestLoadMapping" name="test_rejects_malformed_payload" time="0.001" /><testcase classname="src.nimbus_protocol.tests.test_errors" name="test_error_has_internal_protocol_and_display_presentations" time="0.000" /><testcase classname="src.nimbus_protocol.tests.test_errors" name="test_error_from_exception_keeps_exception_detail_internal_only" time="0.000" /><testcase classname="src.nimbus_protocol.tests.test_models" name="test_event_from_mapping_accepts_valid_replay_event" time="0.000" /><testcase classname="src.nimbus_protocol.tests.test_models" name="test_event_from_mapping_rejects_non_integer_sequence" time="0.000" /><testcase classname="src.nimbus_runtime.tests.test_action_store" name="test_invalid_action_transition_is_rejected" time="0.001" /><testcase classname="src.nimbus_runtime.tests.test_action_store" name="test_file_action_store_creates_action_once_by_idempotency" time="0.006" /><testcase classname="src.nimbus_runtime.tests.test_action_store" name="test_file_action_store_round_trips_policy_decision_record" time="0.006" /><testcase classname="src.nimbus_runtime.tests.test_action_store" name="test_file_action_store_transition_is_compare_and_set" time="0.007" /><testcase classname="src.nimbus_runtime.tests.test_action_store" name="test_file_artifact_store_persists_artifacts_and_appends_events" time="0.006" /><testcase classname="src.nimbus_runtime.tests.test_action_store" name="test_file_artifact_store_round_trips_delete_report_restore_plan" time="0.005" /><testcase classname="src.nimbus_runtime.tests.test_action_store" name="test_file_artifact_store_round_trips_manifest_and_verifier_artifacts" time="0.007" /><testcase classname="src.nimbus_runtime.tests.test_action_store" name="test_artifact_create_rolls_back_when_event_append_fails" time="0.005" /><testcase classname="src.nimbus_runtime.tests.test_action_store" name="test_action_transition_persists_typed_result" time="0.009" /><testcase classname="src.nimbus_runtime.tests.test_action_store" name="test_action_create_rolls_back_when_event_append_fails" time="0.005" /><testcase classname="src.nimbus_runtime.tests.test_action_store" name="test_action_transition_rolls_back_when_event_append_fails" time="0.006" /><testcase classname="src.nimbus_runtime.tests.test_action_store" name="test_file_plan_store_creates_and_transitions_plan_once" time="0.009" /><testcase classname="src.nimbus_runtime.tests.test_action_store" name="test_file_approval_store_binds_actor_target_and_duplicate_clicks" time="0.009" /><testcase classname="src.nimbus_runtime.tests.test_action_store" name="test_file_approval_store_reject_and_expire_paths" time="0.008" /><testcase classname="src.nimbus_runtime.tests.test_channel_backup_workflow" name="test_backup_channel_uploads_matching_files_and_records_manifest" time="0.023" /><testcase classname="src.nimbus_runtime.tests.test_channel_backup_workflow" name="test_backup_channel_skips_already_saved_file" time="0.019" /><testcase classname="src.nimbus_runtime.tests.test_channel_backup_workflow" name="test_backup_channel_dedupes_files_by_verified_content_hash" time="0.022" /><testcase classname="src.nimbus_runtime.tests.test_channel_backup_workflow" name="test_backup_channel_records_failed_upload_verification_artifact" time="0.022" /><testcase classname="src.nimbus_runtime.tests.test_channel_backup_workflow" name="test_backup_channel_fails_when_downloaded_bytes_do_not_match_declared_size" time="0.022" /><testcase classname="src.nimbus_runtime.tests.test_drift_verifier" name="test_all_match_via_metadata" time="0.004" /><testcase classname="src.nimbus_runtime.tests.test_drift_verifier" name="test_mismatch_via_metadata" time="0.008" /><testcase classname="src.nimbus_runtime.tests.test_drift_verifier" name="test_metadata_comparison_is_case_insensitive" time="0.004" /><testcase classname="src.nimbus_runtime.tests.test_drift_verifier" name="test_stream_hash_match" time="0.005" /><testcase classname="src.nimbus_runtime.tests.test_drift_verifier" name="test_stream_hash_mismatch" time="0.008" /><testcase classname="src.nimbus_runtime.tests.test_drift_verifier" name="test_large_object_no_metadata_is_unknown" time="0.005" /><testcase classname="src.nimbus_runtime.tests.test_drift_verifier" name="test_large_object_no_metadata_strict_is_drift" time="0.008" /><testcase classname="src.nimbus_runtime.tests.test_drift_verifier" name="test_missing_object_is_drift" time="0.008" /><testcase classname="src.nimbus_runtime.tests.test_drift_verifier" name="test_bucket_missing_marks_all_entries" time="0.008" /><testcase classname="src.nimbus_runtime.tests.test_drift_verifier" name="test_authentication_error_re_raised" time="0.001" /><testcase classname="src.nimbus_runtime.tests.test_drift_verifier" name="test_storage_backend_error_re_raised" time="0.001" /><testcase classname="src.nimbus_runtime.tests.test_drift_verifier" name="test_artifact_persisted_on_match" time="0.005" /><testcase classname="src.nimbus_runtime.tests.test_drift_verifier" name="test_drift_detected_event_emitted_on_mismatch" time="0.008" /><testcase classname="src.nimbus_runtime.tests.test_drift_verifier" name="test_no_drift_event_when_all_match" time="0.008" /><testcase classname="src.nimbus_runtime.tests.test_drift_verifier" name="test_mixed_statuses_counted_correctly" time="0.007" /><testcase classname="src.nimbus_runtime.tests.test_drift_verifier" name="test_empty_manifest_produces_clean_report" time="0.004" /><testcase classname="src.nimbus_runtime.tests.test_drift_verifier" name="test_report_fields_populated" time="0.004" /><testcase classname="src.nimbus_runtime.tests.test_drift_verifier" name="test_entry_actor_id_set" time="0.004" /><testcase classname="src.nimbus_runtime.tests.test_drift_verifier" name="test_no_metadata_none_size_is_unknown" time="0.004" /><testcase classname="src.nimbus_runtime.tests.test_observability" name="test_configure_observability_without_vendor_env_is_noop" time="0.000" /><testcase classname="src.nimbus_runtime.tests.test_policy" name="test_policy_allows_default_channel_scope_uploads" time="0.000" /><testcase classname="src.nimbus_runtime.tests.test_policy" name="test_policy_requires_admin_grant_for_workspace_scope" time="0.000" /><testcase classname="src.nimbus_runtime.tests.test_policy" name="test_policy_denies_wrong_tenant_and_wrong_container" time="0.000" /><testcase classname="src.nimbus_runtime.tests.test_policy" name="test_delete_policy_records_approval_and_delegated_approvers" time="0.000" /><testcase classname="src.nimbus_runtime.tests.test_policy" name="test_expired_grants_do_not_allow_admin_or_approval_paths" time="0.000" /><testcase classname="src.nimbus_runtime.tests.test_postgres" name="test_postgres_enabled_reads_state_backend" time="0.000" /><testcase classname="src.nimbus_runtime.tests.test_postgres" name="test_database_url_from_env_requires_value" time="0.001" /><testcase classname="src.nimbus_runtime.tests.test_postgres" name="test_check_ready_accepts_current_schema" time="0.000" /><testcase classname="src.nimbus_runtime.tests.test_postgres" name="test_check_ready_wraps_connection_failure" time="0.001" /><testcase classname="src.nimbus_runtime.tests.test_postgres" name="test_check_ready_rejects_missing_schema" time="0.000" /><testcase classname="src.nimbus_runtime.tests.test_postgres" name="test_migrate_creates_runtime_task_tables" time="0.000" /><testcase classname="src.nimbus_runtime.tests.test_postgres" name="test_load_session_returns_fresh_conversation_for_missing_row" time="0.000" /><testcase classname="src.nimbus_runtime.tests.test_postgres" name="test_load_session_decodes_valid_payload" time="0.000" /><testcase classname="src.nimbus_runtime.tests.test_postgres" name="test_load_session_rejects_unsafe_session_id" time="0.001" /><testcase classname="src.nimbus_runtime.tests.test_postgres" name="test_save_session_writes_json_payload" time="0.000" /><testcase classname="src.nimbus_runtime.tests.test_postgres" name="test_session_exists_delete_and_list" time="0.000" /><testcase classname="src.nimbus_runtime.tests.test_postgres" name="test_request_state_helpers" time="0.000" /><testcase classname="src.nimbus_runtime.tests.test_postgres_stores" name="test_postgres_task_store_creates_task_once_by_idempotency" time="0.000" /><testcase classname="src.nimbus_runtime.tests.test_postgres_stores" name="test_postgres_task_store_transition_and_listing_are_tenant_scoped" time="0.001" /><testcase classname="src.nimbus_runtime.tests.test_postgres_stores" name="test_postgres_worker_lease_requires_existing_task" time="0.000" /><testcase classname="src.nimbus_runtime.tests.test_postgres_stores" name="test_postgres_worker_lease_acquire_heartbeat_and_release" time="0.001" /><testcase classname="src.nimbus_runtime.tests.test_projection" name="test_future_timestamp_raises" time="0.001" /><testcase classname="src.nimbus_runtime.tests.test_projection" name="test_future_timestamp_equal_to_now_is_accepted" time="0.000" /><testcase classname="src.nimbus_runtime.tests.test_projection" name="test_empty_event_list_returns_empty_snapshot" time="0.000" /><testcase classname="src.nimbus_runtime.tests.test_projection" name="test_single_task_created" time="0.000" /><testcase classname="src.nimbus_runtime.tests.test_projection" name="test_task_transition_updates_status" time="0.000" /><testcase classname="src.nimbus_runtime.tests.test_projection" name="test_multiple_tasks_counted_per_status" time="0.000" /><testcase classname="src.nimbus_runtime.tests.test_projection" name="test_task_event_missing_status_is_skipped" time="0.000" /><testcase classname="src.nimbus_runtime.tests.test_projection" name="test_proposed_plan_appears_in_pending_plans" time="0.000" /><testcase classname="src.nimbus_runtime.tests.test_projection" name="test_approved_plan_not_in_pending_plans" time="0.000" /><testcase classname="src.nimbus_runtime.tests.test_projection" name="test_plan_title_preserved_across_transition" time="0.000" /><testcase classname="src.nimbus_runtime.tests.test_projection" name="test_pending_approval_appears_in_pending_approvals" time="0.000" /><testcase classname="src.nimbus_runtime.tests.test_projection" name="test_decided_approval_leaves_pending_approvals" time="0.000" /><testcase classname="src.nimbus_runtime.tests.test_projection" name="test_expired_approval_leaves_pending_approvals" time="0.000" /><testcase classname="src.nimbus_runtime.tests.test_projection" name="test_wrong_actor_approval_failure_keeps_approval_pending" time="0.000" /><testcase classname="src.nimbus_runtime.tests.test_projection" name="test_artifact_count_incremented_per_event" time="0.000" /><testcase classname="src.nimbus_runtime.tests.test_projection" name="test_unknown_event_type_is_ignored_without_crash" time="0.000" /><testcase classname="src.nimbus_runtime.tests.test_projection" name="test_combined_task_plan_approval_artifact" time="0.000" /><testcase classname="src.nimbus_runtime.tests.test_projection" name="test_snapshot_metadata_fields" time="0.000" /><testcase classname="src.nimbus_runtime.tests.test_projection" name="test_list_for_tenant_before_returns_only_events_up_to_cutoff" time="0.007" /><testcase classname="src.nimbus_runtime.tests.test_projection" name="test_list_for_tenant_before_excludes_other_tenant_events" time="0.007" /><testcase classname="src.nimbus_runtime.tests.test_projection" name="test_list_for_tenant_before_returns_empty_before_any_event" time="0.005" /><testcase classname="src.nimbus_runtime.tests.test_projection" name="test_end_to_end_projection_via_file_stores" time="0.007" /><testcase classname="src.nimbus_runtime.tests.test_runtime" name="test_runtime_uses_ai_path_for_normal_turns" time="0.007" /><testcase classname="src.nimbus_runtime.tests.test_runtime" name="test_runtime_uses_same_model_tools_for_cli_and_slack" time="0.011" /><testcase classname="src.nimbus_runtime.tests.test_runtime" name="test_runtime_streams_and_replays_provider_events" time="0.013" /><testcase classname="src.nimbus_runtime.tests.test_runtime" name="test_runtime_returns_confirmation_required_for_delete_then_confirms" time="0.020" /><testcase classname="src.nimbus_runtime.tests.test_runtime" name="test_runtime_preserves_dict_backed_delete_result_fields" time="0.020" /><testcase classname="src.nimbus_runtime.tests.test_runtime" name="test_runtime_records_delete_actions_and_events" time="0.024" /><testcase classname="src.nimbus_runtime.tests.test_runtime" name="test_runtime_delete_report_uses_pre_delete_version_for_restore" time="0.020" /><testcase classname="src.nimbus_runtime.tests.test_runtime" name="test_runtime_rejects_confirmation_from_different_actor" time="0.014" /><testcase classname="src.nimbus_runtime.tests.test_runtime" name="test_runtime_rejects_confirmation_for_different_target" time="0.014" /><testcase classname="src.nimbus_runtime.tests.test_runtime" name="test_runtime_ingests_attachment_bytes_f
[...]
setup" name="test_render_install_success_links_to_setup" time="0.000" /><testcase classname="src.nimbus_slack.tests.test_setup" name="test_render_setup_success_suggests_first_slack_prompt" time="0.000" /><testcase classname="src.nimbus_slack.tests.test_setup" name="test_render_setup_success_links_back_to_slack_workspace" time="0.000" /><testcase classname="src.nimbus_slack.tests.test_setup" name="test_render_setup_success_includes_invite_step_and_prompt_ideas" time="0.000" /><testcase classname="src.nimbus_slack.tests.test_setup" name="test_render_setup_success_has_four_numbered_steps" time="0.000" /><testcase classname="src.nimbus_slack.tests.test_setup" name="test_render_setup_success_includes_app_home_tab_guidance" time="0.000" /><testcase classname="src.nimbus_slack.tests.test_setup" name="test_render_setup_success_includes_cli_installation_hint" time="0.000" /><testcase classname="src.nimbus_slack.tests.test_setup" name="test_render_setup_success_capabilities_section_present" time="0.000" /><testcase classname="src.nimbus_slack.tests.test_setup" name="test_render_setup_success_prompt_gallery_has_workspace_health_prompts" time="0.000" /><testcase classname="src.nimbus_slack.tests.test_setup" name="test_render_setup_success_prompt_gallery_covers_all_categories" time="0.000" /><testcase classname="src.nimbus_slack.tests.test_setup" name="test_render_setup_success_escapes_team_id" time="0.000" /><testcase classname="src.nimbus_slack.tests.test_setup" name="test_tenant_setup_input_rejects_invalid_region" time="0.000" /><testcase classname="src.nimbus_slack.tests.test_setup" name="test_tenant_setup_input_rejects_invalid_bucket_name" time="0.000" /><testcase classname="src.nimbus_slack.tests.test_setup" name="test_tenant_setup_input_rejects_missing_required_field" time="0.000" /><testcase classname="src.nimbus_slack.tests.test_setup" name="test_tenant_setup_input_rejects_non_string_optional_prefix" time="0.000" /><testcase classname="src.nimbus_slack.tests.test_setup" name="test_render_setup_form_supports_credential_reveal_toggles" time="0.000" /><testcase classname="src.nimbus_slack.tests.test_store" name="test_installation_tokens_are_encrypted_at_rest" time="0.004" /><testcase classname="src.nimbus_slack.tests.test_store" name="test_complete_setup_persists_config_and_consumes_token_atomically" time="0.005" /><testcase classname="src.nimbus_slack.tests.test_store" name="test_complete_setup_round_trips_empty_s3_prefix" time="0.005" /><testcase classname="src.nimbus_slack.tests.test_store" name="test_expired_setup_session_cannot_write_config" time="0.004" /><testcase classname="src.nimbus_slack.tests.test_store" name="test_sqlite_store_absent_and_invalid_paths" time="0.004" /><testcase classname="src.nimbus_slack.tests.test_store" name="test_sqlite_complete_setup_rejects_workspace_mismatch" time="0.004" /><testcase classname="src.nimbus_slack.tests.test_store" name="test_slack_store_backend_from_env_defaults_to_sqlite" time="0.000" /><testcase classname="src.nimbus_slack.tests.test_store" name="test_slack_store_backend_from_env_rejects_unknown_value" time="0.001" /><testcase classname="src.nimbus_slack.tests.test_store" name="test_slack_database_url_from_env_prefers_slack_specific_url" time="0.000" /><testcase classname="src.nimbus_slack.tests.test_store" name="test_slack_database_url_from_env_falls_back_to_database_url" time="0.000" /><testcase classname="src.nimbus_slack.tests.test_store" name="test_slack_database_url_from_env_requires_a_url" time="0.000" /><testcase classname="src.nimbus_slack.tests.test_store" name="test_connect_postgres_wraps_psycopg_errors" time="0.000" /><testcase classname="src.nimbus_slack.tests.test_store" name="test_postgres_transaction_uses_connection_transaction" time="0.001" /><testcase classname="src.nimbus_slack.tests.test_store" name="test_postgres_schema_migration_records_schema_metadata" time="0.000" /><testcase classname="src.nimbus_slack.tests.test_store" name="test_postgres_complete_setup_session_locks_row_before_consuming" time="0.000" /><testcase classname="src.nimbus_slack.tests.test_store" name="test_postgres_store_absent_and_invalid_paths" time="0.000" /><testcase classname="src.nimbus_slack.tests.test_store" name="test_postgres_setup_rejects_workspace_mismatch" time="0.000" /><testcase classname="src.nimbus_slack.tests.test_store" name="test_postgres_setup_update_race_returns_none" time="0.000" /><testcase classname="src.nimbus_slack.tests.test_store" name="test_postgres_transaction_translates_query_errors" time="0.001" /><testcase classname="src.nimbus_slack.tests.test_store" name="test_postgres_installation_and_tenant_rows_round_trip" time="0.001" /><testcase classname="src.nimbus_slack.tests.test_store" name="test_postgres_setup_session_helpers" time="0.000" /><testcase classname="src.nimbus_slack.tests.test_store" name="test_postgres_file_manifest_helpers" time="0.000" /><testcase classname="src.nimbus_slack.tests.test_store" name="test_postgres_check_ready_accepts_current_schema" time="0.000" /><testcase classname="src.nimbus_slack.tests.test_store" name="test_postgres_check_ready_rejects_missing_schema" time="0.000" /><testcase classname="src.nimbus_slack.tests.test_verify.TestVerifySlackSecret" name="test_valid_signature_returns_true" time="0.000" /><testcase classname="src.nimbus_slack.tests.test_verify.TestVerifySlackSecret" name="test_wrong_signature_returns_false" time="0.000" /><testcase classname="src.nimbus_slack.tests.test_verify.TestVerifySlackSecret" name="test_stale_timestamp_returns_false" time="0.000" /><testcase classname="src.nimbus_slack.tests.test_verify.TestVerifySlackSecret" name="test_missing_secret_returns_false" time="0.000" /><testcase classname="src.nimbus_slack.tests.test_verify.TestVerifySlackSecret" name="test_invalid_timestamp_returns_false" time="0.000" /><testcase classname="src.openrouter_ai_client_impl.tests.test_cli" name="test_help_command_renders_table" time="0.004" /><testcase classname="src.openrouter_ai_client_impl.tests.test_cli" name="test_quit_command_returns_false_and_saves" time="0.001" /><testcase classname="src.openrouter_ai_client_impl.tests.test_cli" name="test_dry_run_toggle" time="0.001" /><testcase classname="src.openrouter_ai_client_impl.tests.test_cli" name="test_debug_toggle_and_tail" time="0.002" /><testcase classname="src.openrouter_ai_client_impl.tests.test_cli" name="test_unknown_slash_command_prints_hint" time="0.001" /><testcase classname="src.openrouter_ai_client_impl.tests.test_cli" name="test_clear_command_empties_conversation" time="0.002" /><testcase classname="src.openrouter_ai_client_impl.tests.test_cli" name="test_cost_command_reports_token_totals" time="0.001" /><testcase classname="src.openrouter_ai_client_impl.tests.test_cli" name="test_cost_command_reports_dollar_estimate_for_paid_models" time="0.001" /><testcase classname="src.openrouter_ai_client_impl.tests.test_cli" name="test_cost_command_renders_free_tier_hint_when_no_paid_usage" time="0.001" /><testcase classname="src.openrouter_ai_client_impl.tests.test_cli" name="test_ping_command_reports_reachable" time="0.001" /><testcase classname="src.openrouter_ai_client_impl.tests.test_cli" name="test_ping_command_reports_unreachable" time="0.001" /><testcase classname="src.openrouter_ai_client_impl.tests.test_cli" name="test_status_command_shows_model_session_and_tokens" time="0.003" /><testcase classname="src.openrouter_ai_client_impl.tests.test_cli" name="test_status_command_shows_step_budget_and_flags" time="0.002" /><testcase classname="src.openrouter_ai_client_impl.tests.test_cli" name="test_model_command_reports_and_switches" time="0.001" /><testcase classname="src.openrouter_ai_client_impl.tests.test_cli" name="test_history_command_dumps_json" time="0.003" /><testcase classname="src.openrouter_ai_client_impl.tests.test_cli" name="test_session_command_switches_session" time="0.002" /><testcase classname="src.openrouter_ai_client_impl.tests.test_cli" name="test_send_user_turn_appends_to_conversation_and_saves" time="0.002" /><testcase classname="src.openrouter_ai_client_impl.tests.test_cli" name="test_send_user_turn_rolls_back_on_error" time="0.001" /><testcase classname="src.openrouter_ai_client_impl.tests.test_cli" name="test_save_conversation_is_atomic" time="0.002" /><testcase classname="src.openrouter_ai_client_impl.tests.test_cli" name="test_on_event_tool_call_success" time="0.001" /><testcase classname="src.openrouter_ai_client_impl.tests.test_cli" name="test_on_event_tool_call_failure" time="0.001" /><testcase classname="src.openrouter_ai_client_impl.tests.test_cli" name="test_on_event_fallback_line" time="0.001" /><testcase classname="src.openrouter_ai_client_impl.tests.test_cli" name="test_session_round_trip_restores_history" time="0.002" /><testcase classname="src.openrouter_ai_client_impl.tests.test_cli" name="test_main_without_api_key_exits_with_two" time="0.002" /><testcase classname="src.openrouter_ai_client_impl.tests.test_cli" name="test_main_auto_generates_session_when_flag_omitted" time="0.003" /><testcase classname="src.openrouter_ai_client_impl.tests.test_cloud_storage_tools" name="test_build_returns_all_five_tools" time="0.002" /><testcase classname="src.openrouter_ai_client_impl.tests.test_cloud_storage_tools" name="test_tool_schemas_forbid_extra_args" time="0.002" /><testcase classname="src.openrouter_ai_client_impl.tests.test_cloud_storage_tools" name="test_destructive_tools_declare_is_destructive" time="0.001" /><testcase classname="src.openrouter_ai_client_impl.tests.test_cloud_storage_tools" name="test_upload_happy_path_pins_container" time="0.002" /><testcase classname="src.openrouter_ai_client_impl.tests.test_cloud_storage_tools" name="test_upload_rejects_absolute_path" time="0.002" /><testcase classname="src.openrouter_ai_client_impl.tests.test_cloud_storage_tools" name="test_upload_rejects_path_escape" time="0.002" /><testcase classname="src.openrouter_ai_client_impl.tests.test_cloud_storage_tools" name="test_upload_rejects_missing_file" time="0.002" /><testcase classname="src.openrouter_ai_client_impl.tests.test_cloud_storage_tools" name="test_upload_enforces_size_cap" time="0.002" /><testcase classname="src.openrouter_ai_client_impl.tests.test_cloud_storage_tools" name="test_upload_rejects_extra_args" time="0.002" /><testcase classname="src.openrouter_ai_client_impl.tests.test_cloud_storage_tools" name="test_download_writes_into_safe_root" time="0.002" /><testcase classname="src.openrouter_ai_client_impl.tests.test_cloud_storage_tools" name="test_download_rejects_path_escape" time="0.002" /><testcase classname="src.openrouter_ai_client_impl.tests.test_cloud_storage_tools" name="test_list_summarizes_and_truncates" time="0.001" /><testcase classname="src.openrouter_ai_client_impl.tests.test_cloud_storage_tools" name="test_list_defaults_prefix_to_empty" time="0.001" /><testcase classname="src.openrouter_ai_client_impl.tests.test_cloud_storage_tools" name="test_delete_requires_confirm_true" time="0.001" /><testcase classname="src.openrouter_ai_client_impl.tests.test_cloud_storage_tools" name="test_delete_with_confirm_forwards_to_storage" time="0.001" /><testcase classname="src.openrouter_ai_client_impl.tests.test_cloud_storage_tools" name="test_delete_confirmation_can_be_disabled" time="0.001" /><testcase classname="src.openrouter_ai_client_impl.tests.test_cloud_storage_tools" name="test_get_file_info_returns_summary" time="0.001" /><testcase classname="src.openrouter_ai_client_impl.tests.test_config" name="test_from_env_requires_api_key" time="0.001" /><testcase classname="src.openrouter_ai_client_impl.tests.test_config" name="test_from_env_uses_defaults_when_only_key_is_set" time="0.000" /><testcase classname="src.openrouter_ai_client_impl.tests.test_config" name="test_from_env_reads_optional_overrides" time="0.000" /><testcase classname="src.openrouter_ai_client_impl.tests.test_config" name="test_from_env_treats_blank_fallback_as_none" time="0.000" /><testcase classname="src.openrouter_ai_client_impl.tests.test_config" name="test_from_env_ignores_invalid_timeout" time="0.000" /><testcase classname="src.openrouter_ai_client_impl.tests.test_openrouter_client" name="test_send_message_plain_text_ends_after_one_step" time="0.006" /><testcase classname="src.openrouter_ai_client_impl.tests.test_openrouter_client" name="test_stream_message_yields_provider_text_deltas_and_final_response" time="0.004" /><testcase classname="src.openrouter_ai_client_impl.tests.test_openrouter_client" name="test_send_message_runs_tools_then_returns_text" time="0.005" /><testcase classname="src.openrouter_ai_client_impl.tests.test_openrouter_client" name="test_send_message_exceeds_max_steps_raises" time="0.006" /><testcase classname="src.openrouter_ai_client_impl.tests.test_openrouter_client" name="test_send_message_rejects_zero_max_steps" time="0.001" /><testcase classname="src.openrouter_ai_client_impl.tests.test_openrouter_client" name="test_handler_exception_is_recorded_and_fed_back" time="0.004" /><testcase classname="src.openrouter_ai_client_impl.tests.test_openrouter_client" name="test_auth_error_translated" time="0.003" /><testcase classname="src.openrouter_ai_client_impl.tests.test_openrouter_client" name="test_rate_limit_falls_back_to_secondary_model" time="0.006" /><testcase classname="src.openrouter_ai_client_impl.tests.test_openrouter_client" name="test_rate_limit_without_fallback_raises" time="0.003" /><testcase classname="src.openrouter_ai_client_impl.tests.test_openrouter_client" name="test_connection_error_falls_back_to_secondary_model" time="1.176" /><testcase classname="src.openrouter_ai_client_impl.tests.test_openrouter_client" name="test_connection_error_without_fallback_raises_provider_error" time="0.360" /><testcase classname="src.openrouter_ai_client_impl.tests.test_openrouter_client" name="test_model_http_error_5xx_triggers_fallback" time="0.006" /><testcase classname="src.openrouter_ai_client_impl.tests.test_openrouter_client" name="test_dry_run_skips_handler_execution" time="0.004" /><testcase classname="src.openrouter_ai_client_impl.tests.test_openrouter_client" name="test_events_are_emitted_in_order" time="0.004" /><testcase classname="src.openrouter_ai_client_impl.tests.test_openrouter_client" name="test_conversation_is_mutated_in_place" time="0.003" /><testcase classname="src.openrouter_ai_client_impl.tests.test_openrouter_client" name="test_multi_turn_conversation_history_preserved" time="0.006" /><testcase classname="src.openrouter_ai_client_impl.tests.test_openrouter_client" name="test_ping_returns_true_on_success" time="0.004" /><testcase classname="src.openrouter_ai_client_impl.tests.test_openrouter_client" name="test_ping_returns_false_on_any_exception" time="0.003" /><testcase classname="src.openrouter_ai_client_impl.tests.test_openrouter_client" name="test_sandbox_wraps_and_truncates" time="0.000" /><testcase classname="src.openrouter_ai_client_impl.tests.test_openrouter_client" name="test_sandbox_strips_control_characters" time="0.000" /><testcase classname="src.openrouter_ai_client_impl.tests.test_openrouter_client" name="test_tool_handler_exception_text_is_sandboxed_before_model_sees_it" time="0.004" /><testcase classname="src.openrouter_ai_client_impl.tests.test_openrouter_client" name="test_model_http_error_429_raises_rate_limit_error" time="0.003" /><testcase classname="src.openrouter_ai_client_impl.tests.test_openrouter_client" name="test_model_http_error_429_triggers_fallback" time="0.005" /><testcase classname="src.openrouter_ai_client_impl.tests.test_openrouter_client" name="test_fallback_model_http_error_429_raises_rate_limit_error" time="0.005" /><testcase classname="src.openrouter_ai_client_impl.tests.test_openrouter_client" name="test_listener_exceptions_do_not_break_loop" time="0.005" /><testcase classname="src.openrouter_ai_client_impl.tests.test_openrouter_client" name="test_last_raw_completions_captures_finish_reason" time="0.003" /><testcase classname="src.openrouter_ai_client_impl.tests.test_openrouter_client" name="test_build_model_passes_configured_timeout_to_openai_client" time="0.000" /><testcase classname="src.openrouter_ai_client_impl.tests.test_openrouter_client" name="test_timeout_error_translated" time="0.565" /><testcase classname="src.openrouter_ai_client_impl.tests.test_openrouter_client" name="test_fallback_timeout_error_translated" time="1.195" /><testcase classname="src.openrouter_ai_client_impl.tests.test_openrouter_client" name="test_unexpected_model_behavior_falls_back" time="0.006" /><testcase classname="src.openrouter_ai_client_impl.tests.test_openrouter_client" name="test_unexpected_model_behavior_without_fallback_raises_provider_error" time="0.003" /><testcase classname="src.openrouter_ai_client_impl.tests.test_openrouter_client" name="test_api_status_error_4xx_raises_provider_error_directly" time="0.003" /><testcase classname="src.openrouter_ai_client_impl.tests.test_openrouter_client" name="test_record_destructive_attempt_logs_and_breadcrumbs" time="0.000" /><testcase classname="src.openrouter_ai_client_impl.tests.test_openrouter_client" name="test_record_destructive_attempt_skips_breadcrumb_without_sentry" time="0.000" /><testcase classname="src.openrouter_ai_client_impl.tests.test_openrouter_client" name="test_response_carries_cost_usd_estimate_for_known_paid_model" time="0.003" /><testcase classname="src.openrouter_ai_client_impl.tests.test_openrouter_client" name="test_response_cost_usd_estimate_is_none_for_unknown_model" time="0.003" /><testcase classname="src.openrouter_ai_client_impl.tests.test_openrouter_client" name="test_transient_connection_error_is_retried_then_succeeds" time="0.006" /><testcase classname="src.openrouter_ai_client_impl.tests.test_openrouter_client" name="test_transient_connection_error_exhausts_retries_then_falls_back" time="0.010" /><testcase classname="src.openrouter_ai_client_impl.tests.test_openrouter_client" name="test_transient_timeout_is_retried_then_raises_timeout_error" time="0.008" /><testcase classname="src.openrouter_ai_client_impl.tests.test_openrouter_client" name="test_auth_error_is_not_retried" time="0.003" /><testcase classname="src.openrouter_ai_client_impl.tests.test_openrouter_client" name="test_rate_limit_does_not_retry_primary_falls_back_directly" time="0.006" /><testcase classname="src.openrouter_ai_client_impl.tests.test_openrouter_client" name="test_step_budget_exceeded_is_not_retried" time="0.005" /><testcase classname="src.openrouter_ai_client_impl.tests.test_openrouter_client" name="test_max_retries_of_one_disables_retry" time="0.003" /><testcase classname="src.openrouter_ai_client_impl.tests.test_pricing" name="test_known_paid_model_returns_table_price" time="0.000" /><testcase classname="src.openrouter_ai_client_impl.tests.test_pricing" name="test_known_free_model_returns_zero_zero" time="0.000" /><testcase classname="src.openrouter_ai_client_impl.tests.test_pricing" name="test_unknown_model_returns_none_not_zero" time="0.000" /><testcase classname="src.openrouter_ai_client_impl.tests.test_pricing" name="test_estimate_uses_per_million_token_rates" time="0.000" /><testcase classname="src.openrouter_ai_client_impl.tests.test_pricing" name="test_estimate_handles_small_token_counts_without_underflow" time="0.000" /><testcase classname="src.openrouter_ai_client_impl.tests.test_pricing" name="test_estimate_returns_zero_for_free_models" time="0.000" /><testcase classname="src.openrouter_ai_client_impl.tests.test_pricing" name="test_estimate_returns_none_for_unknown_model" time="0.000" /><testcase classname="src.openrouter_ai_client_impl.tests.test_pricing" name="test_estimate_handles_zero_tokens" time="0.000" /><testcase classname="src.openrouter_ai_client_impl.tests.test_pricing" name="test_estimate_clamps_negative_to_zero" time="0.000" /><testcase classname="src.openrouter_ai_client_impl.tests.test_registration" name="test_importing_openrouter_registers_ai_factory" time="0.003" /></testsuite></testsuites>